<html>
<head>
<title>TestNG:  Default test</title>
<link href="../testng.css" rel="stylesheet" type="text/css" />
<link href="../my-testng.css" rel="stylesheet" type="text/css" />

<style type="text/css">
.log { display: none;} 
.stack-trace { display: none;} 
</style>
<script type="text/javascript">
<!--
function flip(e) {
  current = e.style.display;
  if (current == 'block') {
    e.style.display = 'none';
    return 0;
  }
  else {
    e.style.display = 'block';
    return 1;
  }
}

function toggleBox(szDivId, elem, msg1, msg2)
{
  var res = -1;  if (document.getElementById) {
    res = flip(document.getElementById(szDivId));
  }
  else if (document.all) {
    // this is the way old msie versions work
    res = flip(document.all[szDivId]);
  }
  if(elem) {
    if(res == 0) elem.innerHTML = msg1; else elem.innerHTML = msg2;
  }

}

function toggleAllBoxes() {
  if (document.getElementsByTagName) {
    d = document.getElementsByTagName('div');
    for (i = 0; i < d.length; i++) {
      if (d[i].className == 'log') {
        flip(d[i]);
      }
    }
  }
}

// -->
</script>

</head>
<body>
<h2 align='center'>Default test</h2><table border='1' align="center">
<tr>
<td>Tests passed/Failed/Skipped:</td><td>41/21/0</td>
</tr><tr>
<td>Started on:</td><td>Fri Feb 14 16:59:22 EST 2025</td>
</tr>
<tr><td>Total time:</td><td>35 seconds (35890 ms)</td>
</tr><tr>
<td>Included groups:</td><td></td>
</tr><tr>
<td>Excluded groups:</td><td></td>
</tr>
</table><p/>
<small><i>(Hover the method name to see the test class name)</i></small><p/>
<table width='100%' border='1' class='invocation-failed'>
<tr><td colspan='4' align='center'><b>FAILED TESTS</b></td></tr>
<tr><td><b>Test method</b></td>
<td width="30%"><b>Exception</b></td>
<td width="10%"><b>Time (seconds)</b></td>
<td><b>Instance</b></td>
</tr>
<tr>
<td title='Runner.CucumberRunner.runScenario()'><b>runScenario</b><br>Test class: Runner.CucumberRunner<br>Test method: Runs Cucumber Scenarios<br>Parameters: "Testing POST request with valid and invalid data", "Testing POST request in UserAPI"</td>
<td><div><pre>java.lang.AssertionError: Status code doesn&apos;t match expected [400] but found [201]
	at org.testng.Assert.fail(Assert.java:97)
	at org.testng.Assert.assertEqualsImpl(Assert.java:136)
	at org.testng.Assert.assertEquals(Assert.java:118)
	at org.testng.Assert.assertEquals(Assert.java:839)
	at Utilities.Assertion.validateStatusCode(Assertion.java:27)
	at stepdefinition.postUser.the_api_should_return_corresponding_status_code_and_status_line(postUser.java:107)
	at ✽.The API should return corresponding status code and status line(file:///C:/Users/karth/eclipse-workspace/UserAPI/src/test/resources/Features/APost.feature:7)
</pre></div><a href='#' onClick='toggleBox("stack-trace1287091141", this, "Click to show all stack frames", "Click to hide stack frames")'>Click to show all stack frames</a>
<div class='stack-trace' id='stack-trace1287091141'><pre>java.lang.AssertionError: Status code doesn&apos;t match expected [400] but found [201]
	at org.testng.Assert.fail(Assert.java:97)
	at org.testng.Assert.assertEqualsImpl(Assert.java:136)
	at org.testng.Assert.assertEquals(Assert.java:118)
	at org.testng.Assert.assertEquals(Assert.java:839)
	at Utilities.Assertion.validateStatusCode(Assertion.java:27)
	at stepdefinition.postUser.the_api_should_return_corresponding_status_code_and_status_line(postUser.java:107)
	at ✽.The API should return corresponding status code and status line(file:///C:/Users/karth/eclipse-workspace/UserAPI/src/test/resources/Features/APost.feature:7)
</pre></div></td>
<td>0</td>
<td>Runner.CucumberRunner@5ffead27</td></tr>
<tr>
<td title='Runner.CucumberRunner.runScenario()'><b>runScenario</b><br>Test class: Runner.CucumberRunner<br>Test method: Runs Cucumber Scenarios<br>Parameters: "Testing POST request with valid and invalid data", "Testing POST request in UserAPI"</td>
<td><div><pre>java.lang.AssertionError: Status code doesn&apos;t match expected [400] but found [409]
	at org.testng.Assert.fail(Assert.java:97)
	at org.testng.Assert.assertEqualsImpl(Assert.java:136)
	at org.testng.Assert.assertEquals(Assert.java:118)
	at org.testng.Assert.assertEquals(Assert.java:839)
	at Utilities.Assertion.validateStatusCode(Assertion.java:27)
	at stepdefinition.postUser.the_api_should_return_corresponding_status_code_and_status_line(postUser.java:107)
	at ✽.The API should return corresponding status code and status line(file:///C:/Users/karth/eclipse-workspace/UserAPI/src/test/resources/Features/APost.feature:7)
</pre></div><a href='#' onClick='toggleBox("stack-trace1730752455", this, "Click to show all stack frames", "Click to hide stack frames")'>Click to show all stack frames</a>
<div class='stack-trace' id='stack-trace1730752455'><pre>java.lang.AssertionError: Status code doesn&apos;t match expected [400] but found [409]
	at org.testng.Assert.fail(Assert.java:97)
	at org.testng.Assert.assertEqualsImpl(Assert.java:136)
	at org.testng.Assert.assertEquals(Assert.java:118)
	at org.testng.Assert.assertEquals(Assert.java:839)
	at Utilities.Assertion.validateStatusCode(Assertion.java:27)
	at stepdefinition.postUser.the_api_should_return_corresponding_status_code_and_status_line(postUser.java:107)
	at ✽.The API should return corresponding status code and status line(file:///C:/Users/karth/eclipse-workspace/UserAPI/src/test/resources/Features/APost.feature:7)
</pre></div></td>
<td>0</td>
<td>Runner.CucumberRunner@5ffead27</td></tr>
<tr>
<td title='Runner.CucumberRunner.runScenario()'><b>runScenario</b><br>Test class: Runner.CucumberRunner<br>Test method: Runs Cucumber Scenarios<br>Parameters: "Testing POST request with valid and invalid data", "Testing POST request in UserAPI"</td>
<td><div><pre>java.lang.AssertionError: Status code doesn&apos;t match expected [400] but found [409]
	at org.testng.Assert.fail(Assert.java:97)
	at org.testng.Assert.assertEqualsImpl(Assert.java:136)
	at org.testng.Assert.assertEquals(Assert.java:118)
	at org.testng.Assert.assertEquals(Assert.java:839)
	at Utilities.Assertion.validateStatusCode(Assertion.java:27)
	at stepdefinition.postUser.the_api_should_return_corresponding_status_code_and_status_line(postUser.java:107)
	at ✽.The API should return corresponding status code and status line(file:///C:/Users/karth/eclipse-workspace/UserAPI/src/test/resources/Features/APost.feature:7)
</pre></div><a href='#' onClick='toggleBox("stack-trace1164139233", this, "Click to show all stack frames", "Click to hide stack frames")'>Click to show all stack frames</a>
<div class='stack-trace' id='stack-trace1164139233'><pre>java.lang.AssertionError: Status code doesn&apos;t match expected [400] but found [409]
	at org.testng.Assert.fail(Assert.java:97)
	at org.testng.Assert.assertEqualsImpl(Assert.java:136)
	at org.testng.Assert.assertEquals(Assert.java:118)
	at org.testng.Assert.assertEquals(Assert.java:839)
	at Utilities.Assertion.validateStatusCode(Assertion.java:27)
	at stepdefinition.postUser.the_api_should_return_corresponding_status_code_and_status_line(postUser.java:107)
	at ✽.The API should return corresponding status code and status line(file:///C:/Users/karth/eclipse-workspace/UserAPI/src/test/resources/Features/APost.feature:7)
</pre></div></td>
<td>0</td>
<td>Runner.CucumberRunner@5ffead27</td></tr>
<tr>
<td title='Runner.CucumberRunner.runScenario()'><b>runScenario</b><br>Test class: Runner.CucumberRunner<br>Test method: Runs Cucumber Scenarios<br>Parameters: "Testing POST request with valid and invalid data", "Testing POST request in UserAPI"</td>
<td><div><pre>java.lang.AssertionError: Status code doesn&apos;t match expected [400] but found [409]
	at org.testng.Assert.fail(Assert.java:97)
	at org.testng.Assert.assertEqualsImpl(Assert.java:136)
	at org.testng.Assert.assertEquals(Assert.java:118)
	at org.testng.Assert.assertEquals(Assert.java:839)
	at Utilities.Assertion.validateStatusCode(Assertion.java:27)
	at stepdefinition.postUser.the_api_should_return_corresponding_status_code_and_status_line(postUser.java:107)
	at ✽.The API should return corresponding status code and status line(file:///C:/Users/karth/eclipse-workspace/UserAPI/src/test/resources/Features/APost.feature:7)
</pre></div><a href='#' onClick='toggleBox("stack-trace417816833", this, "Click to show all stack frames", "Click to hide stack frames")'>Click to show all stack frames</a>
<div class='stack-trace' id='stack-trace417816833'><pre>java.lang.AssertionError: Status code doesn&apos;t match expected [400] but found [409]
	at org.testng.Assert.fail(Assert.java:97)
	at org.testng.Assert.assertEqualsImpl(Assert.java:136)
	at org.testng.Assert.assertEquals(Assert.java:118)
	at org.testng.Assert.assertEquals(Assert.java:839)
	at Utilities.Assertion.validateStatusCode(Assertion.java:27)
	at stepdefinition.postUser.the_api_should_return_corresponding_status_code_and_status_line(postUser.java:107)
	at ✽.The API should return corresponding status code and status line(file:///C:/Users/karth/eclipse-workspace/UserAPI/src/test/resources/Features/APost.feature:7)
</pre></div></td>
<td>0</td>
<td>Runner.CucumberRunner@5ffead27</td></tr>
<tr>
<td title='Runner.CucumberRunner.runScenario()'><b>runScenario</b><br>Test class: Runner.CucumberRunner<br>Test method: Runs Cucumber Scenarios<br>Parameters: "Testing POST request with valid and invalid data", "Testing POST request in UserAPI"</td>
<td><div><pre>java.lang.AssertionError: Status code doesn&apos;t match expected [400] but found [409]
	at org.testng.Assert.fail(Assert.java:97)
	at org.testng.Assert.assertEqualsImpl(Assert.java:136)
	at org.testng.Assert.assertEquals(Assert.java:118)
	at org.testng.Assert.assertEquals(Assert.java:839)
	at Utilities.Assertion.validateStatusCode(Assertion.java:27)
	at stepdefinition.postUser.the_api_should_return_corresponding_status_code_and_status_line(postUser.java:107)
	at ✽.The API should return corresponding status code and status line(file:///C:/Users/karth/eclipse-workspace/UserAPI/src/test/resources/Features/APost.feature:7)
</pre></div><a href='#' onClick='toggleBox("stack-trace1837573438", this, "Click to show all stack frames", "Click to hide stack frames")'>Click to show all stack frames</a>
<div class='stack-trace' id='stack-trace1837573438'><pre>java.lang.AssertionError: Status code doesn&apos;t match expected [400] but found [409]
	at org.testng.Assert.fail(Assert.java:97)
	at org.testng.Assert.assertEqualsImpl(Assert.java:136)
	at org.testng.Assert.assertEquals(Assert.java:118)
	at org.testng.Assert.assertEquals(Assert.java:839)
	at Utilities.Assertion.validateStatusCode(Assertion.java:27)
	at stepdefinition.postUser.the_api_should_return_corresponding_status_code_and_status_line(postUser.java:107)
	at ✽.The API should return corresponding status code and status line(file:///C:/Users/karth/eclipse-workspace/UserAPI/src/test/resources/Features/APost.feature:7)
</pre></div></td>
<td>0</td>
<td>Runner.CucumberRunner@5ffead27</td></tr>
<tr>
<td title='Runner.CucumberRunner.runScenario()'><b>runScenario</b><br>Test class: Runner.CucumberRunner<br>Test method: Runs Cucumber Scenarios<br>Parameters: "Testing POST request with valid and invalid data", "Testing POST request in UserAPI"</td>
<td><div><pre>java.lang.AssertionError: Status code doesn&apos;t match expected [400] but found [409]
	at org.testng.Assert.fail(Assert.java:97)
	at org.testng.Assert.assertEqualsImpl(Assert.java:136)
	at org.testng.Assert.assertEquals(Assert.java:118)
	at org.testng.Assert.assertEquals(Assert.java:839)
	at Utilities.Assertion.validateStatusCode(Assertion.java:27)
	at stepdefinition.postUser.the_api_should_return_corresponding_status_code_and_status_line(postUser.java:107)
	at ✽.The API should return corresponding status code and status line(file:///C:/Users/karth/eclipse-workspace/UserAPI/src/test/resources/Features/APost.feature:7)
</pre></div><a href='#' onClick='toggleBox("stack-trace1148535790", this, "Click to show all stack frames", "Click to hide stack frames")'>Click to show all stack frames</a>
<div class='stack-trace' id='stack-trace1148535790'><pre>java.lang.AssertionError: Status code doesn&apos;t match expected [400] but found [409]
	at org.testng.Assert.fail(Assert.java:97)
	at org.testng.Assert.assertEqualsImpl(Assert.java:136)
	at org.testng.Assert.assertEquals(Assert.java:118)
	at org.testng.Assert.assertEquals(Assert.java:839)
	at Utilities.Assertion.validateStatusCode(Assertion.java:27)
	at stepdefinition.postUser.the_api_should_return_corresponding_status_code_and_status_line(postUser.java:107)
	at ✽.The API should return corresponding status code and status line(file:///C:/Users/karth/eclipse-workspace/UserAPI/src/test/resources/Features/APost.feature:7)
</pre></div></td>
<td>0</td>
<td>Runner.CucumberRunner@5ffead27</td></tr>
<tr>
<td title='Runner.CucumberRunner.runScenario()'><b>runScenario</b><br>Test class: Runner.CucumberRunner<br>Test method: Runs Cucumber Scenarios<br>Parameters: "Testing POST request with valid and invalid data", "Testing POST request in UserAPI"</td>
<td><div><pre>java.lang.AssertionError: Status code doesn&apos;t match expected [400] but found [409]
	at org.testng.Assert.fail(Assert.java:97)
	at org.testng.Assert.assertEqualsImpl(Assert.java:136)
	at org.testng.Assert.assertEquals(Assert.java:118)
	at org.testng.Assert.assertEquals(Assert.java:839)
	at Utilities.Assertion.validateStatusCode(Assertion.java:27)
	at stepdefinition.postUser.the_api_should_return_corresponding_status_code_and_status_line(postUser.java:107)
	at ✽.The API should return corresponding status code and status line(file:///C:/Users/karth/eclipse-workspace/UserAPI/src/test/resources/Features/APost.feature:7)
</pre></div><a href='#' onClick='toggleBox("stack-trace1890648717", this, "Click to show all stack frames", "Click to hide stack frames")'>Click to show all stack frames</a>
<div class='stack-trace' id='stack-trace1890648717'><pre>java.lang.AssertionError: Status code doesn&apos;t match expected [400] but found [409]
	at org.testng.Assert.fail(Assert.java:97)
	at org.testng.Assert.assertEqualsImpl(Assert.java:136)
	at org.testng.Assert.assertEquals(Assert.java:118)
	at org.testng.Assert.assertEquals(Assert.java:839)
	at Utilities.Assertion.validateStatusCode(Assertion.java:27)
	at stepdefinition.postUser.the_api_should_return_corresponding_status_code_and_status_line(postUser.java:107)
	at ✽.The API should return corresponding status code and status line(file:///C:/Users/karth/eclipse-workspace/UserAPI/src/test/resources/Features/APost.feature:7)
</pre></div></td>
<td>0</td>
<td>Runner.CucumberRunner@5ffead27</td></tr>
<tr>
<td title='Runner.CucumberRunner.runScenario()'><b>runScenario</b><br>Test class: Runner.CucumberRunner<br>Test method: Runs Cucumber Scenarios<br>Parameters: "Testing POST request with valid and invalid data", "Testing POST request in UserAPI"</td>
<td><div><pre>java.lang.AssertionError: Status code doesn&apos;t match expected [400] but found [409]
	at org.testng.Assert.fail(Assert.java:97)
	at org.testng.Assert.assertEqualsImpl(Assert.java:136)
	at org.testng.Assert.assertEquals(Assert.java:118)
	at org.testng.Assert.assertEquals(Assert.java:839)
	at Utilities.Assertion.validateStatusCode(Assertion.java:27)
	at stepdefinition.postUser.the_api_should_return_corresponding_status_code_and_status_line(postUser.java:107)
	at ✽.The API should return corresponding status code and status line(file:///C:/Users/karth/eclipse-workspace/UserAPI/src/test/resources/Features/APost.feature:7)
</pre></div><a href='#' onClick='toggleBox("stack-trace506148813", this, "Click to show all stack frames", "Click to hide stack frames")'>Click to show all stack frames</a>
<div class='stack-trace' id='stack-trace506148813'><pre>java.lang.AssertionError: Status code doesn&apos;t match expected [400] but found [409]
	at org.testng.Assert.fail(Assert.java:97)
	at org.testng.Assert.assertEqualsImpl(Assert.java:136)
	at org.testng.Assert.assertEquals(Assert.java:118)
	at org.testng.Assert.assertEquals(Assert.java:839)
	at Utilities.Assertion.validateStatusCode(Assertion.java:27)
	at stepdefinition.postUser.the_api_should_return_corresponding_status_code_and_status_line(postUser.java:107)
	at ✽.The API should return corresponding status code and status line(file:///C:/Users/karth/eclipse-workspace/UserAPI/src/test/resources/Features/APost.feature:7)
</pre></div></td>
<td>0</td>
<td>Runner.CucumberRunner@5ffead27</td></tr>
<tr>
<td title='Runner.CucumberRunner.runScenario()'><b>runScenario</b><br>Test class: Runner.CucumberRunner<br>Test method: Runs Cucumber Scenarios<br>Parameters: "Testing POST request with valid and invalid data", "Testing POST request in UserAPI"</td>
<td><div><pre>java.lang.AssertionError: Status code doesn&apos;t match expected [400] but found [409]
	at org.testng.Assert.fail(Assert.java:97)
	at org.testng.Assert.assertEqualsImpl(Assert.java:136)
	at org.testng.Assert.assertEquals(Assert.java:118)
	at org.testng.Assert.assertEquals(Assert.java:839)
	at Utilities.Assertion.validateStatusCode(Assertion.java:27)
	at stepdefinition.postUser.the_api_should_return_corresponding_status_code_and_status_line(postUser.java:107)
	at ✽.The API should return corresponding status code and status line(file:///C:/Users/karth/eclipse-workspace/UserAPI/src/test/resources/Features/APost.feature:7)
</pre></div><a href='#' onClick='toggleBox("stack-trace1964157350", this, "Click to show all stack frames", "Click to hide stack frames")'>Click to show all stack frames</a>
<div class='stack-trace' id='stack-trace1964157350'><pre>java.lang.AssertionError: Status code doesn&apos;t match expected [400] but found [409]
	at org.testng.Assert.fail(Assert.java:97)
	at org.testng.Assert.assertEqualsImpl(Assert.java:136)
	at org.testng.Assert.assertEquals(Assert.java:118)
	at org.testng.Assert.assertEquals(Assert.java:839)
	at Utilities.Assertion.validateStatusCode(Assertion.java:27)
	at stepdefinition.postUser.the_api_should_return_corresponding_status_code_and_status_line(postUser.java:107)
	at ✽.The API should return corresponding status code and status line(file:///C:/Users/karth/eclipse-workspace/UserAPI/src/test/resources/Features/APost.feature:7)
</pre></div></td>
<td>0</td>
<td>Runner.CucumberRunner@5ffead27</td></tr>
<tr>
<td title='Runner.CucumberRunner.runScenario()'><b>runScenario</b><br>Test class: Runner.CucumberRunner<br>Test method: Runs Cucumber Scenarios<br>Parameters: "Testing POST request with valid and invalid data", "Testing POST request in UserAPI"</td>
<td><div><pre>java.lang.AssertionError: Status code doesn&apos;t match expected [201] but found [409]
	at org.testng.Assert.fail(Assert.java:97)
	at org.testng.Assert.assertEqualsImpl(Assert.java:136)
	at org.testng.Assert.assertEquals(Assert.java:118)
	at org.testng.Assert.assertEquals(Assert.java:839)
	at Utilities.Assertion.validateStatusCode(Assertion.java:27)
	at stepdefinition.postUser.the_api_should_return_corresponding_status_code_and_status_line(postUser.java:98)
	at ✽.The API should return corresponding status code and status line(file:///C:/Users/karth/eclipse-workspace/UserAPI/src/test/resources/Features/APost.feature:7)
</pre></div><a href='#' onClick='toggleBox("stack-trace684634718", this, "Click to show all stack frames", "Click to hide stack frames")'>Click to show all stack frames</a>
<div class='stack-trace' id='stack-trace684634718'><pre>java.lang.AssertionError: Status code doesn&apos;t match expected [201] but found [409]
	at org.testng.Assert.fail(Assert.java:97)
	at org.testng.Assert.assertEqualsImpl(Assert.java:136)
	at org.testng.Assert.assertEquals(Assert.java:118)
	at org.testng.Assert.assertEquals(Assert.java:839)
	at Utilities.Assertion.validateStatusCode(Assertion.java:27)
	at stepdefinition.postUser.the_api_should_return_corresponding_status_code_and_status_line(postUser.java:98)
	at ✽.The API should return corresponding status code and status line(file:///C:/Users/karth/eclipse-workspace/UserAPI/src/test/resources/Features/APost.feature:7)
</pre></div></td>
<td>0</td>
<td>Runner.CucumberRunner@5ffead27</td></tr>
<tr>
<td title='Runner.CucumberRunner.runScenario()'><b>runScenario</b><br>Test class: Runner.CucumberRunner<br>Test method: Runs Cucumber Scenarios<br>Parameters: "Testing POST request with only mandatory fields", "Testing POST request in UserAPI"</td>
<td><div><pre>java.lang.AssertionError: Status code doesn&apos;t match expected [201] but found [409]
	at org.testng.Assert.fail(Assert.java:97)
	at org.testng.Assert.assertEqualsImpl(Assert.java:136)
	at org.testng.Assert.assertEquals(Assert.java:118)
	at org.testng.Assert.assertEquals(Assert.java:839)
	at Utilities.Assertion.validateStatusCode(Assertion.java:27)
	at stepdefinition.postUser.the_api_should_return_the_status_code_created(postUser.java:190)
	at ✽.The Api should return the status code 201 Created(file:///C:/Users/karth/eclipse-workspace/UserAPI/src/test/resources/Features/APost.feature:48)
</pre></div><a href='#' onClick='toggleBox("stack-trace1191220798", this, "Click to show all stack frames", "Click to hide stack frames")'>Click to show all stack frames</a>
<div class='stack-trace' id='stack-trace1191220798'><pre>java.lang.AssertionError: Status code doesn&apos;t match expected [201] but found [409]
	at org.testng.Assert.fail(Assert.java:97)
	at org.testng.Assert.assertEqualsImpl(Assert.java:136)
	at org.testng.Assert.assertEquals(Assert.java:118)
	at org.testng.Assert.assertEquals(Assert.java:839)
	at Utilities.Assertion.validateStatusCode(Assertion.java:27)
	at stepdefinition.postUser.the_api_should_return_the_status_code_created(postUser.java:190)
	at ✽.The Api should return the status code 201 Created(file:///C:/Users/karth/eclipse-workspace/UserAPI/src/test/resources/Features/APost.feature:48)
</pre></div></td>
<td>0</td>
<td>Runner.CucumberRunner@5ffead27</td></tr>
<tr>
<td title='Runner.CucumberRunner.runScenario()'><b>runScenario</b><br>Test class: Runner.CucumberRunner<br>Test method: Runs Cucumber Scenarios<br>Parameters: "Testing POST request without mandatory fields", "Testing POST request in UserAPI"</td>
<td><div><pre>java.lang.AssertionError: Status code doesn&apos;t match expected [400] but found [500]
	at org.testng.Assert.fail(Assert.java:97)
	at org.testng.Assert.assertEqualsImpl(Assert.java:136)
	at org.testng.Assert.assertEquals(Assert.java:118)
	at org.testng.Assert.assertEquals(Assert.java:839)
	at Utilities.Assertion.validateStatusCode(Assertion.java:27)
	at stepdefinition.postUser.the_api_should_return_the_status_code_bad_request(postUser.java:201)
	at ✽.The Api should return the status code 400 Bad Request(file:///C:/Users/karth/eclipse-workspace/UserAPI/src/test/resources/Features/APost.feature:53)
</pre></div><a href='#' onClick='toggleBox("stack-trace2100013654", this, "Click to show all stack frames", "Click to hide stack frames")'>Click to show all stack frames</a>
<div class='stack-trace' id='stack-trace2100013654'><pre>java.lang.AssertionError: Status code doesn&apos;t match expected [400] but found [500]
	at org.testng.Assert.fail(Assert.java:97)
	at org.testng.Assert.assertEqualsImpl(Assert.java:136)
	at org.testng.Assert.assertEquals(Assert.java:118)
	at org.testng.Assert.assertEquals(Assert.java:839)
	at Utilities.Assertion.validateStatusCode(Assertion.java:27)
	at stepdefinition.postUser.the_api_should_return_the_status_code_bad_request(postUser.java:201)
	at ✽.The Api should return the status code 400 Bad Request(file:///C:/Users/karth/eclipse-workspace/UserAPI/src/test/resources/Features/APost.feature:53)
</pre></div></td>
<td>0</td>
<td>Runner.CucumberRunner@5ffead27</td></tr>
<tr>
<td title='Runner.CucumberRunner.runScenario()'><b>runScenario</b><br>Test class: Runner.CucumberRunner<br>Test method: Runs Cucumber Scenarios<br>Parameters: "GET all users successfully", "Get request in UserApi"</td>
<td><div><pre>io.cucumber.testng.UndefinedStepException: The step &apos;The API should return a status code 200 and all the users with expected json response body&apos; is undefined.
You can implement this step using the snippet(s) below:

@Then(&quot;The API should return a status code {int} and all the users with expected json response body&quot;)
public void the_api_should_return_a_status_code_and_all_the_users_with_expected_json_response_body(Integer int1) {
    // Write code here that turns the phrase above into concrete actions
    throw new io.cucumber.java.PendingException();
}

	at io.cucumber.core.runtime.TestCaseResultObserver.assertTestCasePassed(TestCaseResultObserver.java:69)
	at io.cucumber.testng.TestCaseResultObserver.assertTestCasePassed(TestCaseResultObserver.java:23)
	at io.cucumber.testng.TestNGCucumberRunner.lambda$runScenario$1(TestNGCucumberRunner.java:136)
	at io.cucumber.core.runtime.CucumberExecutionContext.lambda$runTestCase$5(CucumberExecutionContext.java:136)
	at io.cucumber.core.runtime.RethrowingThrowableCollector.executeAndThrow(RethrowingThrowableCollector.java:23)
	at io.cucumber.core.runtime.CucumberExecutionContext.runTestCase(CucumberExecutionContext.java:136)
	at io.cucumber.testng.TestNGCucumberRunner.runScenario(TestNGCucumberRunner.java:132)
	at io.cucumber.testng.AbstractTestNGCucumberTests.runScenario(AbstractTestNGCucumberTests.java:35)
	at java.base/jdk.internal.reflect.DirectMethodHandleAccessor.invoke(DirectMethodHandleAccessor.java:103)
	at java.base/java.lang.reflect.Method.invoke(Method.java:580)
	at org.testng.internal.MethodInvocationHelper.invokeMethod(MethodInvocationHelper.java:134)
	at org.testng.internal.TestInvoker.invokeMethod(TestInvoker.java:597)
	at org.testng.internal.TestInvoker.invokeTestMethod(TestInvoker.java:173)
	at org.testng.internal.MethodRunner.runInSequence(MethodRunner.java:46)
	at org.testng.internal.TestInvoker$MethodInvocationAgent.invoke(TestInvoker.java:816)
	at org.testng.internal.TestInvoker.invokeTestMethods(TestInvoker.java:146)
	at org.testng.internal.TestMethodWorker.invokeTestMethods(TestMethodWorker.java:146)
	at org.testng.internal.TestMethodWorker.run(TestMethodWorker.java:128)
	at java.base/java.util.ArrayList.forEach(ArrayList.java:1597)
	at org.testng.TestRunner.privateRun(TestRunner.java:766)
	at org.testng.TestRunner.run(TestRunner.java:587)
	at org.testng.SuiteRunner.runTest(SuiteRunner.java:384)
	at org.testng.SuiteRunner.runSequentially(SuiteRunner.java:378)
	at org.testng.SuiteRunner.privateRun(SuiteRunner.java:337)
	at org.testng.SuiteRunner.run(SuiteRunner.java:286)
	at org.testng.SuiteRunnerWorker.runSuite(SuiteRunnerWorker.java:53)
	at org.testng.SuiteRunnerWorker.run(SuiteRunnerWorker.java:96)
	at org.testng.TestNG.runSuitesSequentially(TestNG.java:1187)
	at org.testng.TestNG.runSuitesLocally(TestNG.java:1109)
	at org.testng.TestNG.runSuites(TestNG.java:1039)
	at org.testng.TestNG.run(TestNG.java:1007)
	at org.testng.remote.AbstractRemoteTestNG.run(AbstractRemoteTestNG.java:115)
	at org.testng.remote.RemoteTestNG.initAndRun(RemoteTestNG.java:293)
	at org.testng.remote.RemoteTestNG.main(RemoteTestNG.java:91)
</pre></div><a href='#' onClick='toggleBox("stack-trace1064871405", this, "Click to show all stack frames", "Click to hide stack frames")'>Click to show all stack frames</a>
<div class='stack-trace' id='stack-trace1064871405'><pre>io.cucumber.testng.UndefinedStepException: The step &apos;The API should return a status code 200 and all the users with expected json response body&apos; is undefined.
You can implement this step using the snippet(s) below:

@Then(&quot;The API should return a status code {int} and all the users with expected json response body&quot;)
public void the_api_should_return_a_status_code_and_all_the_users_with_expected_json_response_body(Integer int1) {
    // Write code here that turns the phrase above into concrete actions
    throw new io.cucumber.java.PendingException();
}

	at io.cucumber.core.runtime.TestCaseResultObserver.assertTestCasePassed(TestCaseResultObserver.java:69)
	at io.cucumber.testng.TestCaseResultObserver.assertTestCasePassed(TestCaseResultObserver.java:23)
	at io.cucumber.testng.TestNGCucumberRunner.lambda$runScenario$1(TestNGCucumberRunner.java:136)
	at io.cucumber.core.runtime.CucumberExecutionContext.lambda$runTestCase$5(CucumberExecutionContext.java:136)
	at io.cucumber.core.runtime.RethrowingThrowableCollector.executeAndThrow(RethrowingThrowableCollector.java:23)
	at io.cucumber.core.runtime.CucumberExecutionContext.runTestCase(CucumberExecutionContext.java:136)
	at io.cucumber.testng.TestNGCucumberRunner.runScenario(TestNGCucumberRunner.java:132)
	at io.cucumber.testng.AbstractTestNGCucumberTests.runScenario(AbstractTestNGCucumberTests.java:35)
	at java.base/jdk.internal.reflect.DirectMethodHandleAccessor.invoke(DirectMethodHandleAccessor.java:103)
	at java.base/java.lang.reflect.Method.invoke(Method.java:580)
	at org.testng.internal.MethodInvocationHelper.invokeMethod(MethodInvocationHelper.java:134)
	at org.testng.internal.TestInvoker.invokeMethod(TestInvoker.java:597)
	at org.testng.internal.TestInvoker.invokeTestMethod(TestInvoker.java:173)
	at org.testng.internal.MethodRunner.runInSequence(MethodRunner.java:46)
	at org.testng.internal.TestInvoker$MethodInvocationAgent.invoke(TestInvoker.java:816)
	at org.testng.internal.TestInvoker.invokeTestMethods(TestInvoker.java:146)
	at org.testng.internal.TestMethodWorker.invokeTestMethods(TestMethodWorker.java:146)
	at org.testng.internal.TestMethodWorker.run(TestMethodWorker.java:128)
	at java.base/java.util.ArrayList.forEach(ArrayList.java:1597)
	at org.testng.TestRunner.privateRun(TestRunner.java:766)
	at org.testng.TestRunner.run(TestRunner.java:587)
	at org.testng.SuiteRunner.runTest(SuiteRunner.java:384)
	at org.testng.SuiteRunner.runSequentially(SuiteRunner.java:378)
	at org.testng.SuiteRunner.privateRun(SuiteRunner.java:337)
	at org.testng.SuiteRunner.run(SuiteRunner.java:286)
	at org.testng.SuiteRunnerWorker.runSuite(SuiteRunnerWorker.java:53)
	at org.testng.SuiteRunnerWorker.run(SuiteRunnerWorker.java:96)
	at org.testng.TestNG.runSuitesSequentially(TestNG.java:1187)
	at org.testng.TestNG.runSuitesLocally(TestNG.java:1109)
	at org.testng.TestNG.runSuites(TestNG.java:1039)
	at org.testng.TestNG.run(TestNG.java:1007)
	at org.testng.remote.AbstractRemoteTestNG.run(AbstractRemoteTestNG.java:115)
	at org.testng.remote.RemoteTestNG.initAndRun(RemoteTestNG.java:293)
	at org.testng.remote.RemoteTestNG.main(RemoteTestNG.java:91)
</pre></div></td>
<td>3</td>
<td>Runner.CucumberRunner@5ffead27</td></tr>
<tr>
<td title='Runner.CucumberRunner.runScenario()'><b>runScenario</b><br>Test class: Runner.CucumberRunner<br>Test method: Runs Cucumber Scenarios<br>Parameters: "GET request user by user firstname", "Get request in UserApi"</td>
<td><div><pre>io.cucumber.testng.UndefinedStepException: The step &apos;The API should return a status code 200 OK&apos; is undefined.
You can implement this step using the snippet(s) below:

@Then(&quot;The API should return a status code {int} OK&quot;)
public void the_api_should_return_a_status_code_ok(Integer int1) {
    // Write code here that turns the phrase above into concrete actions
    throw new io.cucumber.java.PendingException();
}

	at io.cucumber.core.runtime.TestCaseResultObserver.assertTestCasePassed(TestCaseResultObserver.java:69)
	at io.cucumber.testng.TestCaseResultObserver.assertTestCasePassed(TestCaseResultObserver.java:23)
	at io.cucumber.testng.TestNGCucumberRunner.lambda$runScenario$1(TestNGCucumberRunner.java:136)
	at io.cucumber.core.runtime.CucumberExecutionContext.lambda$runTestCase$5(CucumberExecutionContext.java:136)
	at io.cucumber.core.runtime.RethrowingThrowableCollector.executeAndThrow(RethrowingThrowableCollector.java:23)
	at io.cucumber.core.runtime.CucumberExecutionContext.runTestCase(CucumberExecutionContext.java:136)
	at io.cucumber.testng.TestNGCucumberRunner.runScenario(TestNGCucumberRunner.java:132)
	at io.cucumber.testng.AbstractTestNGCucumberTests.runScenario(AbstractTestNGCucumberTests.java:35)
	at java.base/jdk.internal.reflect.DirectMethodHandleAccessor.invoke(DirectMethodHandleAccessor.java:103)
	at java.base/java.lang.reflect.Method.invoke(Method.java:580)
	at org.testng.internal.MethodInvocationHelper.invokeMethod(MethodInvocationHelper.java:134)
	at org.testng.internal.TestInvoker.invokeMethod(TestInvoker.java:597)
	at org.testng.internal.TestInvoker.invokeTestMethod(TestInvoker.java:173)
	at org.testng.internal.MethodRunner.runInSequence(MethodRunner.java:46)
	at org.testng.internal.TestInvoker$MethodInvocationAgent.invoke(TestInvoker.java:816)
	at org.testng.internal.TestInvoker.invokeTestMethods(TestInvoker.java:146)
	at org.testng.internal.TestMethodWorker.invokeTestMethods(TestMethodWorker.java:146)
	at org.testng.internal.TestMethodWorker.run(TestMethodWorker.java:128)
	at java.base/java.util.ArrayList.forEach(ArrayList.java:1597)
	at org.testng.TestRunner.privateRun(TestRunner.java:766)
	at org.testng.TestRunner.run(TestRunner.java:587)
	at org.testng.SuiteRunner.runTest(SuiteRunner.java:384)
	at org.testng.SuiteRunner.runSequentially(SuiteRunner.java:378)
	at org.testng.SuiteRunner.privateRun(SuiteRunner.java:337)
	at org.testng.SuiteRunner.run(SuiteRunner.java:286)
	at org.testng.SuiteRunnerWorker.runSuite(SuiteRunnerWorker.java:53)
	at org.testng.SuiteRunnerWorker.run(SuiteRunnerWorker.java:96)
	at org.testng.TestNG.runSuitesSequentially(TestNG.java:1187)
	at org.testng.TestNG.runSuitesLocally(TestNG.java:1109)
	at org.testng.TestNG.runSuites(TestNG.java:1039)
	at org.testng.TestNG.run(TestNG.java:1007)
	at org.testng.remote.AbstractRemoteTestNG.run(AbstractRemoteTestNG.java:115)
	at org.testng.remote.RemoteTestNG.initAndRun(RemoteTestNG.java:293)
	at org.testng.remote.RemoteTestNG.main(RemoteTestNG.java:91)
</pre></div><a href='#' onClick='toggleBox("stack-trace1904312166", this, "Click to show all stack frames", "Click to hide stack frames")'>Click to show all stack frames</a>
<div class='stack-trace' id='stack-trace1904312166'><pre>io.cucumber.testng.UndefinedStepException: The step &apos;The API should return a status code 200 OK&apos; is undefined.
You can implement this step using the snippet(s) below:

@Then(&quot;The API should return a status code {int} OK&quot;)
public void the_api_should_return_a_status_code_ok(Integer int1) {
    // Write code here that turns the phrase above into concrete actions
    throw new io.cucumber.java.PendingException();
}

	at io.cucumber.core.runtime.TestCaseResultObserver.assertTestCasePassed(TestCaseResultObserver.java:69)
	at io.cucumber.testng.TestCaseResultObserver.assertTestCasePassed(TestCaseResultObserver.java:23)
	at io.cucumber.testng.TestNGCucumberRunner.lambda$runScenario$1(TestNGCucumberRunner.java:136)
	at io.cucumber.core.runtime.CucumberExecutionContext.lambda$runTestCase$5(CucumberExecutionContext.java:136)
	at io.cucumber.core.runtime.RethrowingThrowableCollector.executeAndThrow(RethrowingThrowableCollector.java:23)
	at io.cucumber.core.runtime.CucumberExecutionContext.runTestCase(CucumberExecutionContext.java:136)
	at io.cucumber.testng.TestNGCucumberRunner.runScenario(TestNGCucumberRunner.java:132)
	at io.cucumber.testng.AbstractTestNGCucumberTests.runScenario(AbstractTestNGCucumberTests.java:35)
	at java.base/jdk.internal.reflect.DirectMethodHandleAccessor.invoke(DirectMethodHandleAccessor.java:103)
	at java.base/java.lang.reflect.Method.invoke(Method.java:580)
	at org.testng.internal.MethodInvocationHelper.invokeMethod(MethodInvocationHelper.java:134)
	at org.testng.internal.TestInvoker.invokeMethod(TestInvoker.java:597)
	at org.testng.internal.TestInvoker.invokeTestMethod(TestInvoker.java:173)
	at org.testng.internal.MethodRunner.runInSequence(MethodRunner.java:46)
	at org.testng.internal.TestInvoker$MethodInvocationAgent.invoke(TestInvoker.java:816)
	at org.testng.internal.TestInvoker.invokeTestMethods(TestInvoker.java:146)
	at org.testng.internal.TestMethodWorker.invokeTestMethods(TestMethodWorker.java:146)
	at org.testng.internal.TestMethodWorker.run(TestMethodWorker.java:128)
	at java.base/java.util.ArrayList.forEach(ArrayList.java:1597)
	at org.testng.TestRunner.privateRun(TestRunner.java:766)
	at org.testng.TestRunner.run(TestRunner.java:587)
	at org.testng.SuiteRunner.runTest(SuiteRunner.java:384)
	at org.testng.SuiteRunner.runSequentially(SuiteRunner.java:378)
	at org.testng.SuiteRunner.privateRun(SuiteRunner.java:337)
	at org.testng.SuiteRunner.run(SuiteRunner.java:286)
	at org.testng.SuiteRunnerWorker.runSuite(SuiteRunnerWorker.java:53)
	at org.testng.SuiteRunnerWorker.run(SuiteRunnerWorker.java:96)
	at org.testng.TestNG.runSuitesSequentially(TestNG.java:1187)
	at org.testng.TestNG.runSuitesLocally(TestNG.java:1109)
	at org.testng.TestNG.runSuites(TestNG.java:1039)
	at org.testng.TestNG.run(TestNG.java:1007)
	at org.testng.remote.AbstractRemoteTestNG.run(AbstractRemoteTestNG.java:115)
	at org.testng.remote.RemoteTestNG.initAndRun(RemoteTestNG.java:293)
	at org.testng.remote.RemoteTestNG.main(RemoteTestNG.java:91)
</pre></div></td>
<td>0</td>
<td>Runner.CucumberRunner@5ffead27</td></tr>
<tr>
<td title='Runner.CucumberRunner.runScenario()'><b>runScenario</b><br>Test class: Runner.CucumberRunner<br>Test method: Runs Cucumber Scenarios<br>Parameters: "Get request by user id", "Get request in UserApi"</td>
<td><div><pre>io.cucumber.testng.UndefinedStepException: The step &apos;The API should return a status code 200 OK&apos; is undefined.
You can implement this step using the snippet(s) below:

@Then(&quot;The API should return a status code {int} OK&quot;)
public void the_api_should_return_a_status_code_ok(Integer int1) {
    // Write code here that turns the phrase above into concrete actions
    throw new io.cucumber.java.PendingException();
}

	at io.cucumber.core.runtime.TestCaseResultObserver.assertTestCasePassed(TestCaseResultObserver.java:69)
	at io.cucumber.testng.TestCaseResultObserver.assertTestCasePassed(TestCaseResultObserver.java:23)
	at io.cucumber.testng.TestNGCucumberRunner.lambda$runScenario$1(TestNGCucumberRunner.java:136)
	at io.cucumber.core.runtime.CucumberExecutionContext.lambda$runTestCase$5(CucumberExecutionContext.java:136)
	at io.cucumber.core.runtime.RethrowingThrowableCollector.executeAndThrow(RethrowingThrowableCollector.java:23)
	at io.cucumber.core.runtime.CucumberExecutionContext.runTestCase(CucumberExecutionContext.java:136)
	at io.cucumber.testng.TestNGCucumberRunner.runScenario(TestNGCucumberRunner.java:132)
	at io.cucumber.testng.AbstractTestNGCucumberTests.runScenario(AbstractTestNGCucumberTests.java:35)
	at java.base/jdk.internal.reflect.DirectMethodHandleAccessor.invoke(DirectMethodHandleAccessor.java:103)
	at java.base/java.lang.reflect.Method.invoke(Method.java:580)
	at org.testng.internal.MethodInvocationHelper.invokeMethod(MethodInvocationHelper.java:134)
	at org.testng.internal.TestInvoker.invokeMethod(TestInvoker.java:597)
	at org.testng.internal.TestInvoker.invokeTestMethod(TestInvoker.java:173)
	at org.testng.internal.MethodRunner.runInSequence(MethodRunner.java:46)
	at org.testng.internal.TestInvoker$MethodInvocationAgent.invoke(TestInvoker.java:816)
	at org.testng.internal.TestInvoker.invokeTestMethods(TestInvoker.java:146)
	at org.testng.internal.TestMethodWorker.invokeTestMethods(TestMethodWorker.java:146)
	at org.testng.internal.TestMethodWorker.run(TestMethodWorker.java:128)
	at java.base/java.util.ArrayList.forEach(ArrayList.java:1597)
	at org.testng.TestRunner.privateRun(TestRunner.java:766)
	at org.testng.TestRunner.run(TestRunner.java:587)
	at org.testng.SuiteRunner.runTest(SuiteRunner.java:384)
	at org.testng.SuiteRunner.runSequentially(SuiteRunner.java:378)
	at org.testng.SuiteRunner.privateRun(SuiteRunner.java:337)
	at org.testng.SuiteRunner.run(SuiteRunner.java:286)
	at org.testng.SuiteRunnerWorker.runSuite(SuiteRunnerWorker.java:53)
	at org.testng.SuiteRunnerWorker.run(SuiteRunnerWorker.java:96)
	at org.testng.TestNG.runSuitesSequentially(TestNG.java:1187)
	at org.testng.TestNG.runSuitesLocally(TestNG.java:1109)
	at org.testng.TestNG.runSuites(TestNG.java:1039)
	at org.testng.TestNG.run(TestNG.java:1007)
	at org.testng.remote.AbstractRemoteTestNG.run(AbstractRemoteTestNG.java:115)
	at org.testng.remote.RemoteTestNG.initAndRun(RemoteTestNG.java:293)
	at org.testng.remote.RemoteTestNG.main(RemoteTestNG.java:91)
</pre></div><a href='#' onClick='toggleBox("stack-trace139374530", this, "Click to show all stack frames", "Click to hide stack frames")'>Click to show all stack frames</a>
<div class='stack-trace' id='stack-trace139374530'><pre>io.cucumber.testng.UndefinedStepException: The step &apos;The API should return a status code 200 OK&apos; is undefined.
You can implement this step using the snippet(s) below:

@Then(&quot;The API should return a status code {int} OK&quot;)
public void the_api_should_return_a_status_code_ok(Integer int1) {
    // Write code here that turns the phrase above into concrete actions
    throw new io.cucumber.java.PendingException();
}

	at io.cucumber.core.runtime.TestCaseResultObserver.assertTestCasePassed(TestCaseResultObserver.java:69)
	at io.cucumber.testng.TestCaseResultObserver.assertTestCasePassed(TestCaseResultObserver.java:23)
	at io.cucumber.testng.TestNGCucumberRunner.lambda$runScenario$1(TestNGCucumberRunner.java:136)
	at io.cucumber.core.runtime.CucumberExecutionContext.lambda$runTestCase$5(CucumberExecutionContext.java:136)
	at io.cucumber.core.runtime.RethrowingThrowableCollector.executeAndThrow(RethrowingThrowableCollector.java:23)
	at io.cucumber.core.runtime.CucumberExecutionContext.runTestCase(CucumberExecutionContext.java:136)
	at io.cucumber.testng.TestNGCucumberRunner.runScenario(TestNGCucumberRunner.java:132)
	at io.cucumber.testng.AbstractTestNGCucumberTests.runScenario(AbstractTestNGCucumberTests.java:35)
	at java.base/jdk.internal.reflect.DirectMethodHandleAccessor.invoke(DirectMethodHandleAccessor.java:103)
	at java.base/java.lang.reflect.Method.invoke(Method.java:580)
	at org.testng.internal.MethodInvocationHelper.invokeMethod(MethodInvocationHelper.java:134)
	at org.testng.internal.TestInvoker.invokeMethod(TestInvoker.java:597)
	at org.testng.internal.TestInvoker.invokeTestMethod(TestInvoker.java:173)
	at org.testng.internal.MethodRunner.runInSequence(MethodRunner.java:46)
	at org.testng.internal.TestInvoker$MethodInvocationAgent.invoke(TestInvoker.java:816)
	at org.testng.internal.TestInvoker.invokeTestMethods(TestInvoker.java:146)
	at org.testng.internal.TestMethodWorker.invokeTestMethods(TestMethodWorker.java:146)
	at org.testng.internal.TestMethodWorker.run(TestMethodWorker.java:128)
	at java.base/java.util.ArrayList.forEach(ArrayList.java:1597)
	at org.testng.TestRunner.privateRun(TestRunner.java:766)
	at org.testng.TestRunner.run(TestRunner.java:587)
	at org.testng.SuiteRunner.runTest(SuiteRunner.java:384)
	at org.testng.SuiteRunner.runSequentially(SuiteRunner.java:378)
	at org.testng.SuiteRunner.privateRun(SuiteRunner.java:337)
	at org.testng.SuiteRunner.run(SuiteRunner.java:286)
	at org.testng.SuiteRunnerWorker.runSuite(SuiteRunnerWorker.java:53)
	at org.testng.SuiteRunnerWorker.run(SuiteRunnerWorker.java:96)
	at org.testng.TestNG.runSuitesSequentially(TestNG.java:1187)
	at org.testng.TestNG.runSuitesLocally(TestNG.java:1109)
	at org.testng.TestNG.runSuites(TestNG.java:1039)
	at org.testng.TestNG.run(TestNG.java:1007)
	at org.testng.remote.AbstractRemoteTestNG.run(AbstractRemoteTestNG.java:115)
	at org.testng.remote.RemoteTestNG.initAndRun(RemoteTestNG.java:293)
	at org.testng.remote.RemoteTestNG.main(RemoteTestNG.java:91)
</pre></div></td>
<td>0</td>
<td>Runner.CucumberRunner@5ffead27</td></tr>
<tr>
<td title='Runner.CucumberRunner.runScenario()'><b>runScenario</b><br>Test class: Runner.CucumberRunner<br>Test method: Runs Cucumber Scenarios<br>Parameters: "Retrieve all users with invalid url", "Get request in UserApi"</td>
<td><div><pre>java.lang.AssertionError: Status code doesn&apos;t match expected [404] but found [200]
	at org.testng.Assert.fail(Assert.java:97)
	at org.testng.Assert.assertEqualsImpl(Assert.java:136)
	at org.testng.Assert.assertEquals(Assert.java:118)
	at org.testng.Assert.assertEquals(Assert.java:839)
	at Utilities.Assertion.validateStatusCode(Assertion.java:27)
	at stepdefinition.getUser.the_api_should_return_a_status_code_not_found(getUser.java:84)
	at ✽.The API should return a status code 404 Not Found(file:///C:/Users/karth/eclipse-workspace/UserAPI/src/test/resources/Features/BGet.feature:22)
</pre></div><a href='#' onClick='toggleBox("stack-trace1193587393", this, "Click to show all stack frames", "Click to hide stack frames")'>Click to show all stack frames</a>
<div class='stack-trace' id='stack-trace1193587393'><pre>java.lang.AssertionError: Status code doesn&apos;t match expected [404] but found [200]
	at org.testng.Assert.fail(Assert.java:97)
	at org.testng.Assert.assertEqualsImpl(Assert.java:136)
	at org.testng.Assert.assertEquals(Assert.java:118)
	at org.testng.Assert.assertEquals(Assert.java:839)
	at Utilities.Assertion.validateStatusCode(Assertion.java:27)
	at stepdefinition.getUser.the_api_should_return_a_status_code_not_found(getUser.java:84)
	at ✽.The API should return a status code 404 Not Found(file:///C:/Users/karth/eclipse-workspace/UserAPI/src/test/resources/Features/BGet.feature:22)
</pre></div></td>
<td>3</td>
<td>Runner.CucumberRunner@5ffead27</td></tr>
<tr>
<td title='Runner.CucumberRunner.runScenario()'><b>runScenario</b><br>Test class: Runner.CucumberRunner<br>Test method: Runs Cucumber Scenarios<br>Parameters: "Retrieve all users without authorization", "Get request in UserApi"</td>
<td><div><pre>io.cucumber.testng.UndefinedStepException: The step &apos;Admin create Get request with  invalid credential&apos; is undefined.
You can implement this step using the snippet(s) below:

@Given(&quot;Admin create Get request with  invalid credential&quot;)
public void admin_create_get_request_with_invalid_credential() {
    // Write code here that turns the phrase above into concrete actions
    throw new io.cucumber.java.PendingException();
}

	at io.cucumber.core.runtime.TestCaseResultObserver.assertTestCasePassed(TestCaseResultObserver.java:69)
	at io.cucumber.testng.TestCaseResultObserver.assertTestCasePassed(TestCaseResultObserver.java:23)
	at io.cucumber.testng.TestNGCucumberRunner.lambda$runScenario$1(TestNGCucumberRunner.java:136)
	at io.cucumber.core.runtime.CucumberExecutionContext.lambda$runTestCase$5(CucumberExecutionContext.java:136)
	at io.cucumber.core.runtime.RethrowingThrowableCollector.executeAndThrow(RethrowingThrowableCollector.java:23)
	at io.cucumber.core.runtime.CucumberExecutionContext.runTestCase(CucumberExecutionContext.java:136)
	at io.cucumber.testng.TestNGCucumberRunner.runScenario(TestNGCucumberRunner.java:132)
	at io.cucumber.testng.AbstractTestNGCucumberTests.runScenario(AbstractTestNGCucumberTests.java:35)
	at java.base/jdk.internal.reflect.DirectMethodHandleAccessor.invoke(DirectMethodHandleAccessor.java:103)
	at java.base/java.lang.reflect.Method.invoke(Method.java:580)
	at org.testng.internal.MethodInvocationHelper.invokeMethod(MethodInvocationHelper.java:134)
	at org.testng.internal.TestInvoker.invokeMethod(TestInvoker.java:597)
	at org.testng.internal.TestInvoker.invokeTestMethod(TestInvoker.java:173)
	at org.testng.internal.MethodRunner.runInSequence(MethodRunner.java:46)
	at org.testng.internal.TestInvoker$MethodInvocationAgent.invoke(TestInvoker.java:816)
	at org.testng.internal.TestInvoker.invokeTestMethods(TestInvoker.java:146)
	at org.testng.internal.TestMethodWorker.invokeTestMethods(TestMethodWorker.java:146)
	at org.testng.internal.TestMethodWorker.run(TestMethodWorker.java:128)
	at java.base/java.util.ArrayList.forEach(ArrayList.java:1597)
	at org.testng.TestRunner.privateRun(TestRunner.java:766)
	at org.testng.TestRunner.run(TestRunner.java:587)
	at org.testng.SuiteRunner.runTest(SuiteRunner.java:384)
	at org.testng.SuiteRunner.runSequentially(SuiteRunner.java:378)
	at org.testng.SuiteRunner.privateRun(SuiteRunner.java:337)
	at org.testng.SuiteRunner.run(SuiteRunner.java:286)
	at org.testng.SuiteRunnerWorker.runSuite(SuiteRunnerWorker.java:53)
	at org.testng.SuiteRunnerWorker.run(SuiteRunnerWorker.java:96)
	at org.testng.TestNG.runSuitesSequentially(TestNG.java:1187)
	at org.testng.TestNG.runSuitesLocally(TestNG.java:1109)
	at org.testng.TestNG.runSuites(TestNG.java:1039)
	at org.testng.TestNG.run(TestNG.java:1007)
	at org.testng.remote.AbstractRemoteTestNG.run(AbstractRemoteTestNG.java:115)
	at org.testng.remote.RemoteTestNG.initAndRun(RemoteTestNG.java:293)
	at org.testng.remote.RemoteTestNG.main(RemoteTestNG.java:91)
</pre></div><a href='#' onClick='toggleBox("stack-trace1400539413", this, "Click to show all stack frames", "Click to hide stack frames")'>Click to show all stack frames</a>
<div class='stack-trace' id='stack-trace1400539413'><pre>io.cucumber.testng.UndefinedStepException: The step &apos;Admin create Get request with  invalid credential&apos; is undefined.
You can implement this step using the snippet(s) below:

@Given(&quot;Admin create Get request with  invalid credential&quot;)
public void admin_create_get_request_with_invalid_credential() {
    // Write code here that turns the phrase above into concrete actions
    throw new io.cucumber.java.PendingException();
}

	at io.cucumber.core.runtime.TestCaseResultObserver.assertTestCasePassed(TestCaseResultObserver.java:69)
	at io.cucumber.testng.TestCaseResultObserver.assertTestCasePassed(TestCaseResultObserver.java:23)
	at io.cucumber.testng.TestNGCucumberRunner.lambda$runScenario$1(TestNGCucumberRunner.java:136)
	at io.cucumber.core.runtime.CucumberExecutionContext.lambda$runTestCase$5(CucumberExecutionContext.java:136)
	at io.cucumber.core.runtime.RethrowingThrowableCollector.executeAndThrow(RethrowingThrowableCollector.java:23)
	at io.cucumber.core.runtime.CucumberExecutionContext.runTestCase(CucumberExecutionContext.java:136)
	at io.cucumber.testng.TestNGCucumberRunner.runScenario(TestNGCucumberRunner.java:132)
	at io.cucumber.testng.AbstractTestNGCucumberTests.runScenario(AbstractTestNGCucumberTests.java:35)
	at java.base/jdk.internal.reflect.DirectMethodHandleAccessor.invoke(DirectMethodHandleAccessor.java:103)
	at java.base/java.lang.reflect.Method.invoke(Method.java:580)
	at org.testng.internal.MethodInvocationHelper.invokeMethod(MethodInvocationHelper.java:134)
	at org.testng.internal.TestInvoker.invokeMethod(TestInvoker.java:597)
	at org.testng.internal.TestInvoker.invokeTestMethod(TestInvoker.java:173)
	at org.testng.internal.MethodRunner.runInSequence(MethodRunner.java:46)
	at org.testng.internal.TestInvoker$MethodInvocationAgent.invoke(TestInvoker.java:816)
	at org.testng.internal.TestInvoker.invokeTestMethods(TestInvoker.java:146)
	at org.testng.internal.TestMethodWorker.invokeTestMethods(TestMethodWorker.java:146)
	at org.testng.internal.TestMethodWorker.run(TestMethodWorker.java:128)
	at java.base/java.util.ArrayList.forEach(ArrayList.java:1597)
	at org.testng.TestRunner.privateRun(TestRunner.java:766)
	at org.testng.TestRunner.run(TestRunner.java:587)
	at org.testng.SuiteRunner.runTest(SuiteRunner.java:384)
	at org.testng.SuiteRunner.runSequentially(SuiteRunner.java:378)
	at org.testng.SuiteRunner.privateRun(SuiteRunner.java:337)
	at org.testng.SuiteRunner.run(SuiteRunner.java:286)
	at org.testng.SuiteRunnerWorker.runSuite(SuiteRunnerWorker.java:53)
	at org.testng.SuiteRunnerWorker.run(SuiteRunnerWorker.java:96)
	at org.testng.TestNG.runSuitesSequentially(TestNG.java:1187)
	at org.testng.TestNG.runSuitesLocally(TestNG.java:1109)
	at org.testng.TestNG.runSuites(TestNG.java:1039)
	at org.testng.TestNG.run(TestNG.java:1007)
	at org.testng.remote.AbstractRemoteTestNG.run(AbstractRemoteTestNG.java:115)
	at org.testng.remote.RemoteTestNG.initAndRun(RemoteTestNG.java:293)
	at org.testng.remote.RemoteTestNG.main(RemoteTestNG.java:91)
</pre></div></td>
<td>0</td>
<td>Runner.CucumberRunner@5ffead27</td></tr>
<tr>
<td title='Runner.CucumberRunner.runScenario()'><b>runScenario</b><br>Test class: Runner.CucumberRunner<br>Test method: Runs Cucumber Scenarios<br>Parameters: "Testing PUT request with valid and invalid data", "Testing PUT request in UserAPI"</td>
<td><div><pre>java.lang.AssertionError: Status code doesn&apos;t match expected [409] but found [500]
	at org.testng.Assert.fail(Assert.java:97)
	at org.testng.Assert.assertEqualsImpl(Assert.java:136)
	at org.testng.Assert.assertEquals(Assert.java:118)
	at org.testng.Assert.assertEquals(Assert.java:839)
	at Utilities.Assertion.validateStatusCode(Assertion.java:27)
	at stepdefinition.putUser.the_api_should_return_corresponding_status_code(putUser.java:80)
	at ✽.The API should return corresponding status code(file:///C:/Users/karth/eclipse-workspace/UserAPI/src/test/resources/Features/CPut.feature:7)
</pre></div><a href='#' onClick='toggleBox("stack-trace131789159", this, "Click to show all stack frames", "Click to hide stack frames")'>Click to show all stack frames</a>
<div class='stack-trace' id='stack-trace131789159'><pre>java.lang.AssertionError: Status code doesn&apos;t match expected [409] but found [500]
	at org.testng.Assert.fail(Assert.java:97)
	at org.testng.Assert.assertEqualsImpl(Assert.java:136)
	at org.testng.Assert.assertEquals(Assert.java:118)
	at org.testng.Assert.assertEquals(Assert.java:839)
	at Utilities.Assertion.validateStatusCode(Assertion.java:27)
	at stepdefinition.putUser.the_api_should_return_corresponding_status_code(putUser.java:80)
	at ✽.The API should return corresponding status code(file:///C:/Users/karth/eclipse-workspace/UserAPI/src/test/resources/Features/CPut.feature:7)
</pre></div></td>
<td>0</td>
<td>Runner.CucumberRunner@5ffead27</td></tr>
<tr>
<td title='Runner.CucumberRunner.runScenario()'><b>runScenario</b><br>Test class: Runner.CucumberRunner<br>Test method: Runs Cucumber Scenarios<br>Parameters: "Testing PUT request with valid and invalid data", "Testing PUT request in UserAPI"</td>
<td><div><pre>java.lang.AssertionError: Status code doesn&apos;t match expected [409] but found [400]
	at org.testng.Assert.fail(Assert.java:97)
	at org.testng.Assert.assertEqualsImpl(Assert.java:136)
	at org.testng.Assert.assertEquals(Assert.java:118)
	at org.testng.Assert.assertEquals(Assert.java:839)
	at Utilities.Assertion.validateStatusCode(Assertion.java:27)
	at stepdefinition.putUser.the_api_should_return_corresponding_status_code(putUser.java:80)
	at ✽.The API should return corresponding status code(file:///C:/Users/karth/eclipse-workspace/UserAPI/src/test/resources/Features/CPut.feature:7)
</pre></div><a href='#' onClick='toggleBox("stack-trace354753730", this, "Click to show all stack frames", "Click to hide stack frames")'>Click to show all stack frames</a>
<div class='stack-trace' id='stack-trace354753730'><pre>java.lang.AssertionError: Status code doesn&apos;t match expected [409] but found [400]
	at org.testng.Assert.fail(Assert.java:97)
	at org.testng.Assert.assertEqualsImpl(Assert.java:136)
	at org.testng.Assert.assertEquals(Assert.java:118)
	at org.testng.Assert.assertEquals(Assert.java:839)
	at Utilities.Assertion.validateStatusCode(Assertion.java:27)
	at stepdefinition.putUser.the_api_should_return_corresponding_status_code(putUser.java:80)
	at ✽.The API should return corresponding status code(file:///C:/Users/karth/eclipse-workspace/UserAPI/src/test/resources/Features/CPut.feature:7)
</pre></div></td>
<td>0</td>
<td>Runner.CucumberRunner@5ffead27</td></tr>
<tr>
<td title='Runner.CucumberRunner.runScenario()'><b>runScenario</b><br>Test class: Runner.CucumberRunner<br>Test method: Runs Cucumber Scenarios<br>Parameters: "Testing PUT request with invalid create user endpoint", "Testing PUT request in UserAPI"</td>
<td><div><pre>java.lang.IllegalArgumentException: Invalid number of path parameters. Expected 1, was 0. Undefined path parameters are: userId.
	at java.base/jdk.internal.reflect.DirectConstructorHandleAccessor.newInstance(DirectConstructorHandleAccessor.java:62)
	at java.base/java.lang.reflect.Constructor.newInstanceWithCaller(Constructor.java:502)
	at java.base/java.lang.reflect.Constructor.newInstance(Constructor.java:486)
	at org.codehaus.groovy.reflection.CachedConstructor.invoke(CachedConstructor.java:73)
	at org.codehaus.groovy.reflection.CachedConstructor.doConstructorInvoke(CachedConstructor.java:60)
	at org.codehaus.groovy.runtime.callsite.ConstructorSite$ConstructorSiteNoUnwrap.callConstructor(ConstructorSite.java:86)
	at org.codehaus.groovy.runtime.callsite.CallSiteArray.defaultCallConstructor(CallSiteArray.java:58)
	at org.codehaus.groovy.runtime.callsite.AbstractCallSite.callConstructor(AbstractCallSite.java:263)
	at org.codehaus.groovy.runtime.callsite.AbstractCallSite.callConstructor(AbstractCallSite.java:277)
	at io.restassured.internal.RequestSpecificationImpl.assertCorrectNumberOfPathParams(RequestSpecificationImpl.groovy:1263)
	at java.base/jdk.internal.reflect.DirectMethodHandleAccessor.invoke(DirectMethodHandleAccessor.java:103)
	at java.base/java.lang.reflect.Method.invoke(Method.java:580)
	at org.codehaus.groovy.reflection.CachedMethod.invoke(CachedMethod.java:343)
	at groovy.lang.MetaMethod.doMethodInvoke(MetaMethod.java:328)
	at groovy.lang.MetaClassImpl.doInvokeMethod(MetaClassImpl.java:1369)
	at groovy.lang.MetaClassImpl.invokeMethod(MetaClassImpl.java:1103)
	at groovy.lang.MetaClassImpl.invokeMethod(MetaClassImpl.java:1009)
	at groovy.lang.MetaClassImpl.invokeMethod(MetaClassImpl.java:792)
	at io.restassured.internal.RequestSpecificationImpl.invokeMethod(RequestSpecificationImpl.groovy)
	at org.codehaus.groovy.runtime.callsite.PogoInterceptableSite.call(PogoInterceptableSite.java:46)
	at org.codehaus.groovy.runtime.callsite.PogoInterceptableSite.callCurrent(PogoInterceptableSite.java:57)
	at org.codehaus.groovy.runtime.callsite.AbstractCallSite.callCurrent(AbstractCallSite.java:176)
	at io.restassured.internal.RequestSpecificationImpl.sendRequest(RequestSpecificationImpl.groovy:1147)
	at io.restassured.internal.RequestSpecificationImpl.this$2$sendRequest(RequestSpecificationImpl.groovy)
	at java.base/jdk.internal.reflect.DirectMethodHandleAccessor.invoke(DirectMethodHandleAccessor.java:103)
	at java.base/java.lang.reflect.Method.invoke(Method.java:580)
	at org.codehaus.groovy.reflection.CachedMethod.invoke(CachedMethod.java:343)
	at groovy.lang.MetaMethod.doMethodInvoke(MetaMethod.java:328)
	at groovy.lang.MetaClassImpl.doInvokeMethod(MetaClassImpl.java:1369)
	at groovy.lang.MetaClassImpl.invokeMethod(MetaClassImpl.java:1103)
	at groovy.lang.MetaClassImpl.invokeMethod(MetaClassImpl.java:1009)
	at groovy.lang.MetaClassImpl.invokeMethod(MetaClassImpl.java:792)
	at io.restassured.internal.RequestSpecificationImpl.invokeMethod(RequestSpecificationImpl.groovy)
	at org.codehaus.groovy.runtime.callsite.PogoInterceptableSite.call(PogoInterceptableSite.java:46)
	at org.codehaus.groovy.runtime.callsite.AbstractCallSite.call(AbstractCallSite.java:166)
	at io.restassured.internal.filter.SendRequestFilter.filter(SendRequestFilter.groovy:30)
	at io.restassured.filter.Filter$filter$0.call(Unknown Source)
	at org.codehaus.groovy.runtime.callsite.CallSiteArray.defaultCall(CallSiteArray.java:46)
	at io.restassured.filter.Filter$filter.call(Unknown Source)
	at io.restassured.internal.filter.FilterContextImpl.next(FilterContextImpl.groovy:72)
	at io.restassured.filter.time.TimingFilter.filter(TimingFilter.java:56)
	at io.restassured.filter.Filter$filter.call(Unknown Source)
	at org.codehaus.groovy.runtime.callsite.CallSiteArray.defaultCall(CallSiteArray.java:46)
	at io.restassured.filter.Filter$filter$0.call(Unknown Source)
	at io.restassured.internal.filter.FilterContextImpl.next(FilterContextImpl.groovy:72)
	at io.restassured.filter.FilterContext$next.call(Unknown Source)
	at io.restassured.internal.RequestSpecificationImpl.applyPathParamsAndSendRequest(RequestSpecificationImpl.groovy:1686)
	at io.restassured.internal.RequestSpecificationImpl.this$2$applyPathParamsAndSendRequest(RequestSpecificationImpl.groovy)
	at java.base/jdk.internal.reflect.DirectMethodHandleAccessor.invoke(DirectMethodHandleAccessor.java:103)
	at java.base/java.lang.reflect.Method.invoke(Method.java:580)
	at org.codehaus.groovy.reflection.CachedMethod.invoke(CachedMethod.java:343)
	at groovy.lang.MetaMethod.doMethodInvoke(MetaMethod.java:328)
	at groovy.lang.MetaClassImpl.doInvokeMethod(MetaClassImpl.java:1369)
	at groovy.lang.MetaClassImpl.invokeMethod(MetaClassImpl.java:1103)
	at groovy.lang.MetaClassImpl.invokeMethod(MetaClassImpl.java:1009)
	at groovy.lang.MetaClassImpl.invokeMethod(MetaClassImpl.java:792)
	at io.restassured.internal.RequestSpecificationImpl.invokeMethod(RequestSpecificationImpl.groovy)
	at org.codehaus.groovy.runtime.callsite.PogoInterceptableSite.call(PogoInterceptableSite.java:46)
	at org.codehaus.groovy.runtime.callsite.PogoInterceptableSite.callCurrent(PogoInterceptableSite.java:57)
	at org.codehaus.groovy.runtime.callsite.AbstractCallSite.callCurrent(AbstractCallSite.java:203)
	at io.restassured.internal.RequestSpecificationImpl.applyPathParamsAndSendRequest(RequestSpecificationImpl.groovy:1692)
	at io.restassured.internal.RequestSpecificationImpl.this$2$applyPathParamsAndSendRequest(RequestSpecificationImpl.groovy)
	at java.base/jdk.internal.reflect.DirectMethodHandleAccessor.invoke(DirectMethodHandleAccessor.java:103)
	at java.base/java.lang.reflect.Method.invoke(Method.java:580)
	at org.codehaus.groovy.reflection.CachedMethod.invoke(CachedMethod.java:343)
	at groovy.lang.MetaMethod.doMethodInvoke(MetaMethod.java:328)
	at groovy.lang.MetaClassImpl.doInvokeMethod(MetaClassImpl.java:1369)
	at groovy.lang.MetaClassImpl.invokeMethod(MetaClassImpl.java:1103)
	at groovy.lang.MetaClassImpl.invokeMethod(MetaClassImpl.java:1009)
	at groovy.lang.MetaClassImpl.invokeMethod(MetaClassImpl.java:792)
	at io.restassured.internal.RequestSpecificationImpl.invokeMethod(RequestSpecificationImpl.groovy)
	at org.codehaus.groovy.runtime.callsite.PogoInterceptableSite.call(PogoInterceptableSite.java:46)
	at org.codehaus.groovy.runtime.callsite.PogoInterceptableSite.callCurrent(PogoInterceptableSite.java:57)
	at org.codehaus.groovy.runtime.callsite.AbstractCallSite.callCurrent(AbstractCallSite.java:203)
	at io.restassured.internal.RequestSpecificationImpl.put(RequestSpecificationImpl.groovy:184)
	at io.restassured.internal.RequestSpecificationImpl.put(RequestSpecificationImpl.groovy)
	at java.base/jdk.internal.reflect.DirectMethodHandleAccessor.invoke(DirectMethodHandleAccessor.java:103)
	at java.base/java.lang.reflect.Method.invoke(Method.java:580)
	at org.codehaus.groovy.reflection.CachedMethod.invoke(CachedMethod.java:343)
	at groovy.lang.MetaMethod.doMethodInvoke(MetaMethod.java:328)
	at groovy.lang.MetaClassImpl.doInvokeMethod(MetaClassImpl.java:1369)
	at groovy.lang.MetaClassImpl.invokeMethod(MetaClassImpl.java:1103)
	at groovy.lang.MetaClassImpl.invokeMethod(MetaClassImpl.java:1009)
	at groovy.lang.MetaClassImpl.invokeMethod(MetaClassImpl.java:792)
	at io.restassured.internal.RequestSpecificationImpl.invokeMethod(RequestSpecificationImpl.groovy)
	at org.codehaus.groovy.runtime.callsite.PogoInterceptableSite.call(PogoInterceptableSite.java:46)
	at org.codehaus.groovy.runtime.callsite.PogoInterceptableSite.callCurrent(PogoInterceptableSite.java:57)
	at org.codehaus.groovy.runtime.callsite.CallSiteArray.defaultCallCurrent(CallSiteArray.java:50)
	at org.codehaus.groovy.runtime.callsite.AbstractCallSite.callCurrent(AbstractCallSite.java:171)
	at org.codehaus.groovy.runtime.callsite.AbstractCallSite.callCurrent(AbstractCallSite.java:185)
	at io.restassured.internal.RequestSpecificationImpl.put(RequestSpecificationImpl.groovy:268)
	at io.restassured.internal.RequestSpecificationImpl.put(RequestSpecificationImpl.groovy)
	at stepdefinition.putUser.admin_sends_a_put_request_to_the_invalid_endpoint(putUser.java:120)
	at ✽.Admin sends a PUT request to the invalid endpoint(file:///C:/Users/karth/eclipse-workspace/UserAPI/src/test/resources/Features/CPut.feature:45)
</pre></div><a href='#' onClick='toggleBox("stack-trace1617253954", this, "Click to show all stack frames", "Click to hide stack frames")'>Click to show all stack frames</a>
<div class='stack-trace' id='stack-trace1617253954'><pre>java.lang.IllegalArgumentException: Invalid number of path parameters. Expected 1, was 0. Undefined path parameters are: userId.
	at java.base/jdk.internal.reflect.DirectConstructorHandleAccessor.newInstance(DirectConstructorHandleAccessor.java:62)
	at java.base/java.lang.reflect.Constructor.newInstanceWithCaller(Constructor.java:502)
	at java.base/java.lang.reflect.Constructor.newInstance(Constructor.java:486)
	at org.codehaus.groovy.reflection.CachedConstructor.invoke(CachedConstructor.java:73)
	at org.codehaus.groovy.reflection.CachedConstructor.doConstructorInvoke(CachedConstructor.java:60)
	at org.codehaus.groovy.runtime.callsite.ConstructorSite$ConstructorSiteNoUnwrap.callConstructor(ConstructorSite.java:86)
	at org.codehaus.groovy.runtime.callsite.CallSiteArray.defaultCallConstructor(CallSiteArray.java:58)
	at org.codehaus.groovy.runtime.callsite.AbstractCallSite.callConstructor(AbstractCallSite.java:263)
	at org.codehaus.groovy.runtime.callsite.AbstractCallSite.callConstructor(AbstractCallSite.java:277)
	at io.restassured.internal.RequestSpecificationImpl.assertCorrectNumberOfPathParams(RequestSpecificationImpl.groovy:1263)
	at java.base/jdk.internal.reflect.DirectMethodHandleAccessor.invoke(DirectMethodHandleAccessor.java:103)
	at java.base/java.lang.reflect.Method.invoke(Method.java:580)
	at org.codehaus.groovy.reflection.CachedMethod.invoke(CachedMethod.java:343)
	at groovy.lang.MetaMethod.doMethodInvoke(MetaMethod.java:328)
	at groovy.lang.MetaClassImpl.doInvokeMethod(MetaClassImpl.java:1369)
	at groovy.lang.MetaClassImpl.invokeMethod(MetaClassImpl.java:1103)
	at groovy.lang.MetaClassImpl.invokeMethod(MetaClassImpl.java:1009)
	at groovy.lang.MetaClassImpl.invokeMethod(MetaClassImpl.java:792)
	at io.restassured.internal.RequestSpecificationImpl.invokeMethod(RequestSpecificationImpl.groovy)
	at org.codehaus.groovy.runtime.callsite.PogoInterceptableSite.call(PogoInterceptableSite.java:46)
	at org.codehaus.groovy.runtime.callsite.PogoInterceptableSite.callCurrent(PogoInterceptableSite.java:57)
	at org.codehaus.groovy.runtime.callsite.AbstractCallSite.callCurrent(AbstractCallSite.java:176)
	at io.restassured.internal.RequestSpecificationImpl.sendRequest(RequestSpecificationImpl.groovy:1147)
	at io.restassured.internal.RequestSpecificationImpl.this$2$sendRequest(RequestSpecificationImpl.groovy)
	at java.base/jdk.internal.reflect.DirectMethodHandleAccessor.invoke(DirectMethodHandleAccessor.java:103)
	at java.base/java.lang.reflect.Method.invoke(Method.java:580)
	at org.codehaus.groovy.reflection.CachedMethod.invoke(CachedMethod.java:343)
	at groovy.lang.MetaMethod.doMethodInvoke(MetaMethod.java:328)
	at groovy.lang.MetaClassImpl.doInvokeMethod(MetaClassImpl.java:1369)
	at groovy.lang.MetaClassImpl.invokeMethod(MetaClassImpl.java:1103)
	at groovy.lang.MetaClassImpl.invokeMethod(MetaClassImpl.java:1009)
	at groovy.lang.MetaClassImpl.invokeMethod(MetaClassImpl.java:792)
	at io.restassured.internal.RequestSpecificationImpl.invokeMethod(RequestSpecificationImpl.groovy)
	at org.codehaus.groovy.runtime.callsite.PogoInterceptableSite.call(PogoInterceptableSite.java:46)
	at org.codehaus.groovy.runtime.callsite.AbstractCallSite.call(AbstractCallSite.java:166)
	at io.restassured.internal.filter.SendRequestFilter.filter(SendRequestFilter.groovy:30)
	at io.restassured.filter.Filter$filter$0.call(Unknown Source)
	at org.codehaus.groovy.runtime.callsite.CallSiteArray.defaultCall(CallSiteArray.java:46)
	at io.restassured.filter.Filter$filter.call(Unknown Source)
	at io.restassured.internal.filter.FilterContextImpl.next(FilterContextImpl.groovy:72)
	at io.restassured.filter.time.TimingFilter.filter(TimingFilter.java:56)
	at io.restassured.filter.Filter$filter.call(Unknown Source)
	at org.codehaus.groovy.runtime.callsite.CallSiteArray.defaultCall(CallSiteArray.java:46)
	at io.restassured.filter.Filter$filter$0.call(Unknown Source)
	at io.restassured.internal.filter.FilterContextImpl.next(FilterContextImpl.groovy:72)
	at io.restassured.filter.FilterContext$next.call(Unknown Source)
	at io.restassured.internal.RequestSpecificationImpl.applyPathParamsAndSendRequest(RequestSpecificationImpl.groovy:1686)
	at io.restassured.internal.RequestSpecificationImpl.this$2$applyPathParamsAndSendRequest(RequestSpecificationImpl.groovy)
	at java.base/jdk.internal.reflect.DirectMethodHandleAccessor.invoke(DirectMethodHandleAccessor.java:103)
	at java.base/java.lang.reflect.Method.invoke(Method.java:580)
	at org.codehaus.groovy.reflection.CachedMethod.invoke(CachedMethod.java:343)
	at groovy.lang.MetaMethod.doMethodInvoke(MetaMethod.java:328)
	at groovy.lang.MetaClassImpl.doInvokeMethod(MetaClassImpl.java:1369)
	at groovy.lang.MetaClassImpl.invokeMethod(MetaClassImpl.java:1103)
	at groovy.lang.MetaClassImpl.invokeMethod(MetaClassImpl.java:1009)
	at groovy.lang.MetaClassImpl.invokeMethod(MetaClassImpl.java:792)
	at io.restassured.internal.RequestSpecificationImpl.invokeMethod(RequestSpecificationImpl.groovy)
	at org.codehaus.groovy.runtime.callsite.PogoInterceptableSite.call(PogoInterceptableSite.java:46)
	at org.codehaus.groovy.runtime.callsite.PogoInterceptableSite.callCurrent(PogoInterceptableSite.java:57)
	at org.codehaus.groovy.runtime.callsite.AbstractCallSite.callCurrent(AbstractCallSite.java:203)
	at io.restassured.internal.RequestSpecificationImpl.applyPathParamsAndSendRequest(RequestSpecificationImpl.groovy:1692)
	at io.restassured.internal.RequestSpecificationImpl.this$2$applyPathParamsAndSendRequest(RequestSpecificationImpl.groovy)
	at java.base/jdk.internal.reflect.DirectMethodHandleAccessor.invoke(DirectMethodHandleAccessor.java:103)
	at java.base/java.lang.reflect.Method.invoke(Method.java:580)
	at org.codehaus.groovy.reflection.CachedMethod.invoke(CachedMethod.java:343)
	at groovy.lang.MetaMethod.doMethodInvoke(MetaMethod.java:328)
	at groovy.lang.MetaClassImpl.doInvokeMethod(MetaClassImpl.java:1369)
	at groovy.lang.MetaClassImpl.invokeMethod(MetaClassImpl.java:1103)
	at groovy.lang.MetaClassImpl.invokeMethod(MetaClassImpl.java:1009)
	at groovy.lang.MetaClassImpl.invokeMethod(MetaClassImpl.java:792)
	at io.restassured.internal.RequestSpecificationImpl.invokeMethod(RequestSpecificationImpl.groovy)
	at org.codehaus.groovy.runtime.callsite.PogoInterceptableSite.call(PogoInterceptableSite.java:46)
	at org.codehaus.groovy.runtime.callsite.PogoInterceptableSite.callCurrent(PogoInterceptableSite.java:57)
	at org.codehaus.groovy.runtime.callsite.AbstractCallSite.callCurrent(AbstractCallSite.java:203)
	at io.restassured.internal.RequestSpecificationImpl.put(RequestSpecificationImpl.groovy:184)
	at io.restassured.internal.RequestSpecificationImpl.put(RequestSpecificationImpl.groovy)
	at java.base/jdk.internal.reflect.DirectMethodHandleAccessor.invoke(DirectMethodHandleAccessor.java:103)
	at java.base/java.lang.reflect.Method.invoke(Method.java:580)
	at org.codehaus.groovy.reflection.CachedMethod.invoke(CachedMethod.java:343)
	at groovy.lang.MetaMethod.doMethodInvoke(MetaMethod.java:328)
	at groovy.lang.MetaClassImpl.doInvokeMethod(MetaClassImpl.java:1369)
	at groovy.lang.MetaClassImpl.invokeMethod(MetaClassImpl.java:1103)
	at groovy.lang.MetaClassImpl.invokeMethod(MetaClassImpl.java:1009)
	at groovy.lang.MetaClassImpl.invokeMethod(MetaClassImpl.java:792)
	at io.restassured.internal.RequestSpecificationImpl.invokeMethod(RequestSpecificationImpl.groovy)
	at org.codehaus.groovy.runtime.callsite.PogoInterceptableSite.call(PogoInterceptableSite.java:46)
	at org.codehaus.groovy.runtime.callsite.PogoInterceptableSite.callCurrent(PogoInterceptableSite.java:57)
	at org.codehaus.groovy.runtime.callsite.CallSiteArray.defaultCallCurrent(CallSiteArray.java:50)
	at org.codehaus.groovy.runtime.callsite.AbstractCallSite.callCurrent(AbstractCallSite.java:171)
	at org.codehaus.groovy.runtime.callsite.AbstractCallSite.callCurrent(AbstractCallSite.java:185)
	at io.restassured.internal.RequestSpecificationImpl.put(RequestSpecificationImpl.groovy:268)
	at io.restassured.internal.RequestSpecificationImpl.put(RequestSpecificationImpl.groovy)
	at stepdefinition.putUser.admin_sends_a_put_request_to_the_invalid_endpoint(putUser.java:120)
	at ✽.Admin sends a PUT request to the invalid endpoint(file:///C:/Users/karth/eclipse-workspace/UserAPI/src/test/resources/Features/CPut.feature:45)
</pre></div></td>
<td>0</td>
<td>Runner.CucumberRunner@5ffead27</td></tr>
<tr>
<td title='Runner.CucumberRunner.runScenario()'><b>runScenario</b><br>Test class: Runner.CucumberRunner<br>Test method: Runs Cucumber Scenarios<br>Parameters: "Successfully delete an existing user with user firstName", "Testing Delete request in User API"</td>
<td><div><pre>java.lang.AssertionError: Status code doesn&apos;t match expected [200] but found [404]
	at org.testng.Assert.fail(Assert.java:97)
	at org.testng.Assert.assertEqualsImpl(Assert.java:136)
	at org.testng.Assert.assertEquals(Assert.java:118)
	at org.testng.Assert.assertEquals(Assert.java:839)
	at Utilities.Assertion.validateStatusCode(Assertion.java:27)
	at stepdefinition.deleteUser.the_api_should_return_a_status_code_and_the_user_record_should_be_deleted(deleteUser.java:39)
	at ✽.The API should return a status code 200 and the user record should be deleted(file:///C:/Users/karth/eclipse-workspace/UserAPI/src/test/resources/Features/Delete.feature:12)
</pre></div><a href='#' onClick='toggleBox("stack-trace2118449545", this, "Click to show all stack frames", "Click to hide stack frames")'>Click to show all stack frames</a>
<div class='stack-trace' id='stack-trace2118449545'><pre>java.lang.AssertionError: Status code doesn&apos;t match expected [200] but found [404]
	at org.testng.Assert.fail(Assert.java:97)
	at org.testng.Assert.assertEqualsImpl(Assert.java:136)
	at org.testng.Assert.assertEquals(Assert.java:118)
	at org.testng.Assert.assertEquals(Assert.java:839)
	at Utilities.Assertion.validateStatusCode(Assertion.java:27)
	at stepdefinition.deleteUser.the_api_should_return_a_status_code_and_the_user_record_should_be_deleted(deleteUser.java:39)
	at ✽.The API should return a status code 200 and the user record should be deleted(file:///C:/Users/karth/eclipse-workspace/UserAPI/src/test/resources/Features/Delete.feature:12)
</pre></div></td>
<td>0</td>
<td>Runner.CucumberRunner@5ffead27</td></tr>
</table><p>
<table width='100%' border='1' class='invocation-passed'>
<tr><td colspan='4' align='center'><b>PASSED TESTS</b></td></tr>
<tr><td><b>Test method</b></td>
<td width="30%"><b>Exception</b></td>
<td width="10%"><b>Time (seconds)</b></td>
<td><b>Instance</b></td>
</tr>
<tr>
<td title='Runner.CucumberRunner.runScenario()'><b>runScenario</b><br>Test class: Runner.CucumberRunner<br>Test method: Runs Cucumber Scenarios<br>Parameters: "Testing POST request with valid and invalid data", "Testing POST request in UserAPI"</td>
<td></td>
<td>2</td>
<td>Runner.CucumberRunner@5ffead27</td></tr>
<tr>
<td title='Runner.CucumberRunner.runScenario()'><b>runScenario</b><br>Test class: Runner.CucumberRunner<br>Test method: Runs Cucumber Scenarios<br>Parameters: "Testing POST request with valid and invalid data", "Testing POST request in UserAPI"</td>
<td></td>
<td>0</td>
<td>Runner.CucumberRunner@5ffead27</td></tr>
<tr>
<td title='Runner.CucumberRunner.runScenario()'><b>runScenario</b><br>Test class: Runner.CucumberRunner<br>Test method: Runs Cucumber Scenarios<br>Parameters: "Testing POST request with valid and invalid data", "Testing POST request in UserAPI"</td>
<td></td>
<td>0</td>
<td>Runner.CucumberRunner@5ffead27</td></tr>
<tr>
<td title='Runner.CucumberRunner.runScenario()'><b>runScenario</b><br>Test class: Runner.CucumberRunner<br>Test method: Runs Cucumber Scenarios<br>Parameters: "Testing POST request with valid and invalid data", "Testing POST request in UserAPI"</td>
<td></td>
<td>0</td>
<td>Runner.CucumberRunner@5ffead27</td></tr>
<tr>
<td title='Runner.CucumberRunner.runScenario()'><b>runScenario</b><br>Test class: Runner.CucumberRunner<br>Test method: Runs Cucumber Scenarios<br>Parameters: "Testing POST request with valid and invalid data", "Testing POST request in UserAPI"</td>
<td></td>
<td>0</td>
<td>Runner.CucumberRunner@5ffead27</td></tr>
<tr>
<td title='Runner.CucumberRunner.runScenario()'><b>runScenario</b><br>Test class: Runner.CucumberRunner<br>Test method: Runs Cucumber Scenarios<br>Parameters: "Testing POST request with valid and invalid data", "Testing POST request in UserAPI"</td>
<td></td>
<td>0</td>
<td>Runner.CucumberRunner@5ffead27</td></tr>
<tr>
<td title='Runner.CucumberRunner.runScenario()'><b>runScenario</b><br>Test class: Runner.CucumberRunner<br>Test method: Runs Cucumber Scenarios<br>Parameters: "Testing POST request with valid and invalid data", "Testing POST request in UserAPI"</td>
<td></td>
<td>0</td>
<td>Runner.CucumberRunner@5ffead27</td></tr>
<tr>
<td title='Runner.CucumberRunner.runScenario()'><b>runScenario</b><br>Test class: Runner.CucumberRunner<br>Test method: Runs Cucumber Scenarios<br>Parameters: "Testing POST request with invalid url", "Testing POST request in UserAPI"</td>
<td></td>
<td>0</td>
<td>Runner.CucumberRunner@5ffead27</td></tr>
<tr>
<td title='Runner.CucumberRunner.runScenario()'><b>runScenario</b><br>Test class: Runner.CucumberRunner<br>Test method: Runs Cucumber Scenarios<br>Parameters: "Testing POST request with invalid create user endpoint", "Testing POST request in UserAPI"</td>
<td></td>
<td>0</td>
<td>Runner.CucumberRunner@5ffead27</td></tr>
<tr>
<td title='Runner.CucumberRunner.runScenario()'><b>runScenario</b><br>Test class: Runner.CucumberRunner<br>Test method: Runs Cucumber Scenarios<br>Parameters: "Testing POST request without authorization", "Testing POST request in UserAPI"</td>
<td></td>
<td>0</td>
<td>Runner.CucumberRunner@5ffead27</td></tr>
<tr>
<td title='Runner.CucumberRunner.runScenario()'><b>runScenario</b><br>Test class: Runner.CucumberRunner<br>Test method: Runs Cucumber Scenarios<br>Parameters: "Testing POST request with existing emailid and contactnumber", "Testing POST request in UserAPI"</td>
<td></td>
<td>0</td>
<td>Runner.CucumberRunner@5ffead27</td></tr>
<tr>
<td title='Runner.CucumberRunner.runScenario()'><b>runScenario</b><br>Test class: Runner.CucumberRunner<br>Test method: Runs Cucumber Scenarios<br>Parameters: "Testing PUT request with valid and invalid data", "Testing PUT request in UserAPI"</td>
<td></td>
<td>0</td>
<td>Runner.CucumberRunner@5ffead27</td></tr>
<tr>
<td title='Runner.CucumberRunner.runScenario()'><b>runScenario</b><br>Test class: Runner.CucumberRunner<br>Test method: Runs Cucumber Scenarios<br>Parameters: "Testing PUT request with valid and invalid data", "Testing PUT request in UserAPI"</td>
<td></td>
<td>0</td>
<td>Runner.CucumberRunner@5ffead27</td></tr>
<tr>
<td title='Runner.CucumberRunner.runScenario()'><b>runScenario</b><br>Test class: Runner.CucumberRunner<br>Test method: Runs Cucumber Scenarios<br>Parameters: "Testing PUT request with valid and invalid data", "Testing PUT request in UserAPI"</td>
<td></td>
<td>0</td>
<td>Runner.CucumberRunner@5ffead27</td></tr>
<tr>
<td title='Runner.CucumberRunner.runScenario()'><b>runScenario</b><br>Test class: Runner.CucumberRunner<br>Test method: Runs Cucumber Scenarios<br>Parameters: "Testing PUT request with valid and invalid data", "Testing PUT request in UserAPI"</td>
<td></td>
<td>0</td>
<td>Runner.CucumberRunner@5ffead27</td></tr>
<tr>
<td title='Runner.CucumberRunner.runScenario()'><b>runScenario</b><br>Test class: Runner.CucumberRunner<br>Test method: Runs Cucumber Scenarios<br>Parameters: "Testing PUT request with valid and invalid data", "Testing PUT request in UserAPI"</td>
<td></td>
<td>0</td>
<td>Runner.CucumberRunner@5ffead27</td></tr>
<tr>
<td title='Runner.CucumberRunner.runScenario()'><b>runScenario</b><br>Test class: Runner.CucumberRunner<br>Test method: Runs Cucumber Scenarios<br>Parameters: "Testing PUT request with valid and invalid data", "Testing PUT request in UserAPI"</td>
<td></td>
<td>0</td>
<td>Runner.CucumberRunner@5ffead27</td></tr>
<tr>
<td title='Runner.CucumberRunner.runScenario()'><b>runScenario</b><br>Test class: Runner.CucumberRunner<br>Test method: Runs Cucumber Scenarios<br>Parameters: "Testing PUT request with valid and invalid data", "Testing PUT request in UserAPI"</td>
<td></td>
<td>0</td>
<td>Runner.CucumberRunner@5ffead27</td></tr>
<tr>
<td title='Runner.CucumberRunner.runScenario()'><b>runScenario</b><br>Test class: Runner.CucumberRunner<br>Test method: Runs Cucumber Scenarios<br>Parameters: "Testing PUT request with valid and invalid data", "Testing PUT request in UserAPI"</td>
<td></td>
<td>0</td>
<td>Runner.CucumberRunner@5ffead27</td></tr>
<tr>
<td title='Runner.CucumberRunner.runScenario()'><b>runScenario</b><br>Test class: Runner.CucumberRunner<br>Test method: Runs Cucumber Scenarios<br>Parameters: "Testing PUT request with valid and invalid data", "Testing PUT request in UserAPI"</td>
<td></td>
<td>0</td>
<td>Runner.CucumberRunner@5ffead27</td></tr>
<tr>
<td title='Runner.CucumberRunner.runScenario()'><b>runScenario</b><br>Test class: Runner.CucumberRunner<br>Test method: Runs Cucumber Scenarios<br>Parameters: "Testing PUT request with valid and invalid data", "Testing PUT request in UserAPI"</td>
<td></td>
<td>0</td>
<td>Runner.CucumberRunner@5ffead27</td></tr>
<tr>
<td title='Runner.CucumberRunner.runScenario()'><b>runScenario</b><br>Test class: Runner.CucumberRunner<br>Test method: Runs Cucumber Scenarios<br>Parameters: "Testing PUT request with valid and invalid data", "Testing PUT request in UserAPI"</td>
<td></td>
<td>0</td>
<td>Runner.CucumberRunner@5ffead27</td></tr>
<tr>
<td title='Runner.CucumberRunner.runScenario()'><b>runScenario</b><br>Test class: Runner.CucumberRunner<br>Test method: Runs Cucumber Scenarios<br>Parameters: "Testing PUT request with valid and invalid data", "Testing PUT request in UserAPI"</td>
<td></td>
<td>0</td>
<td>Runner.CucumberRunner@5ffead27</td></tr>
<tr>
<td title='Runner.CucumberRunner.runScenario()'><b>runScenario</b><br>Test class: Runner.CucumberRunner<br>Test method: Runs Cucumber Scenarios<br>Parameters: "Testing PUT request with valid and invalid data", "Testing PUT request in UserAPI"</td>
<td></td>
<td>0</td>
<td>Runner.CucumberRunner@5ffead27</td></tr>
<tr>
<td title='Runner.CucumberRunner.runScenario()'><b>runScenario</b><br>Test class: Runner.CucumberRunner<br>Test method: Runs Cucumber Scenarios<br>Parameters: "Testing PUT request with valid and invalid data", "Testing PUT request in UserAPI"</td>
<td></td>
<td>0</td>
<td>Runner.CucumberRunner@5ffead27</td></tr>
<tr>
<td title='Runner.CucumberRunner.runScenario()'><b>runScenario</b><br>Test class: Runner.CucumberRunner<br>Test method: Runs Cucumber Scenarios<br>Parameters: "Testing PUT request with valid and invalid data", "Testing PUT request in UserAPI"</td>
<td></td>
<td>0</td>
<td>Runner.CucumberRunner@5ffead27</td></tr>
<tr>
<td title='Runner.CucumberRunner.runScenario()'><b>runScenario</b><br>Test class: Runner.CucumberRunner<br>Test method: Runs Cucumber Scenarios<br>Parameters: "Testing PUT request with valid and invalid data", "Testing PUT request in UserAPI"</td>
<td></td>
<td>0</td>
<td>Runner.CucumberRunner@5ffead27</td></tr>
<tr>
<td title='Runner.CucumberRunner.runScenario()'><b>runScenario</b><br>Test class: Runner.CucumberRunner<br>Test method: Runs Cucumber Scenarios<br>Parameters: "Testing PUT request with valid and invalid data", "Testing PUT request in UserAPI"</td>
<td></td>
<td>0</td>
<td>Runner.CucumberRunner@5ffead27</td></tr>
<tr>
<td title='Runner.CucumberRunner.runScenario()'><b>runScenario</b><br>Test class: Runner.CucumberRunner<br>Test method: Runs Cucumber Scenarios<br>Parameters: "Testing PUT request with valid and invalid data", "Testing PUT request in UserAPI"</td>
<td></td>
<td>0</td>
<td>Runner.CucumberRunner@5ffead27</td></tr>
<tr>
<td title='Runner.CucumberRunner.runScenario()'><b>runScenario</b><br>Test class: Runner.CucumberRunner<br>Test method: Runs Cucumber Scenarios<br>Parameters: "Testing PUT request with valid and invalid data", "Testing PUT request in UserAPI"</td>
<td></td>
<td>0</td>
<td>Runner.CucumberRunner@5ffead27</td></tr>
<tr>
<td title='Runner.CucumberRunner.runScenario()'><b>runScenario</b><br>Test class: Runner.CucumberRunner<br>Test method: Runs Cucumber Scenarios<br>Parameters: "Testing PUT request with valid and invalid data", "Testing PUT request in UserAPI"</td>
<td></td>
<td>0</td>
<td>Runner.CucumberRunner@5ffead27</td></tr>
<tr>
<td title='Runner.CucumberRunner.runScenario()'><b>runScenario</b><br>Test class: Runner.CucumberRunner<br>Test method: Runs Cucumber Scenarios<br>Parameters: "Testing PUT request with valid and invalid data", "Testing PUT request in UserAPI"</td>
<td></td>
<td>0</td>
<td>Runner.CucumberRunner@5ffead27</td></tr>
<tr>
<td title='Runner.CucumberRunner.runScenario()'><b>runScenario</b><br>Test class: Runner.CucumberRunner<br>Test method: Runs Cucumber Scenarios<br>Parameters: "Testing PUT request with valid and invalid data", "Testing PUT request in UserAPI"</td>
<td></td>
<td>0</td>
<td>Runner.CucumberRunner@5ffead27</td></tr>
<tr>
<td title='Runner.CucumberRunner.runScenario()'><b>runScenario</b><br>Test class: Runner.CucumberRunner<br>Test method: Runs Cucumber Scenarios<br>Parameters: "Testing PUT request with valid and invalid data", "Testing PUT request in UserAPI"</td>
<td></td>
<td>0</td>
<td>Runner.CucumberRunner@5ffead27</td></tr>
<tr>
<td title='Runner.CucumberRunner.runScenario()'><b>runScenario</b><br>Test class: Runner.CucumberRunner<br>Test method: Runs Cucumber Scenarios<br>Parameters: "Testing PUT request with valid and invalid data", "Testing PUT request in UserAPI"</td>
<td></td>
<td>0</td>
<td>Runner.CucumberRunner@5ffead27</td></tr>
<tr>
<td title='Runner.CucumberRunner.runScenario()'><b>runScenario</b><br>Test class: Runner.CucumberRunner<br>Test method: Runs Cucumber Scenarios<br>Parameters: "Testing PUT request with invalid url", "Testing PUT request in UserAPI"</td>
<td></td>
<td>0</td>
<td>Runner.CucumberRunner@5ffead27</td></tr>
<tr>
<td title='Runner.CucumberRunner.runScenario()'><b>runScenario</b><br>Test class: Runner.CucumberRunner<br>Test method: Runs Cucumber Scenarios<br>Parameters: "Testing PUT request without authorization", "Testing PUT request in UserAPI"</td>
<td></td>
<td>0</td>
<td>Runner.CucumberRunner@5ffead27</td></tr>
<tr>
<td title='Runner.CucumberRunner.runScenario()'><b>runScenario</b><br>Test class: Runner.CucumberRunner<br>Test method: Runs Cucumber Scenarios<br>Parameters: "Successfully delete an existing user with userid", "Testing Delete request in User API"</td>
<td></td>
<td>0</td>
<td>Runner.CucumberRunner@5ffead27</td></tr>
<tr>
<td title='Runner.CucumberRunner.runScenario()'><b>runScenario</b><br>Test class: Runner.CucumberRunner<br>Test method: Runs Cucumber Scenarios<br>Parameters: "Try to delete a non-existent user", "Testing Delete request in User API"</td>
<td></td>
<td>0</td>
<td>Runner.CucumberRunner@5ffead27</td></tr>
<tr>
<td title='Runner.CucumberRunner.runScenario()'><b>runScenario</b><br>Test class: Runner.CucumberRunner<br>Test method: Runs Cucumber Scenarios<br>Parameters: "Testing Delete request with invalid url", "Testing Delete request in User API"</td>
<td></td>
<td>0</td>
<td>Runner.CucumberRunner@5ffead27</td></tr>
<tr>
<td title='Runner.CucumberRunner.runScenario()'><b>runScenario</b><br>Test class: Runner.CucumberRunner<br>Test method: Runs Cucumber Scenarios<br>Parameters: "Testing delete request without authorization", "Testing Delete request in User API"</td>
<td></td>
<td>0</td>
<td>Runner.CucumberRunner@5ffead27</td></tr>
</table><p>
</body>
</html>