<!DOCTYPE html PUBLIC "-//W3C//DTD XHTML 1.1//EN" "http://www.w3.org/TR/xhtml11/DTD/xhtml11.dtd">
<html xmlns="http://www.w3.org/1999/xhtml">
<head>
<meta http-equiv="content-type" content="text/html; charset=UTF-8"/>
<title>TestNG Report</title>
<style type="text/css">table {margin-bottom:10px;border-collapse:collapse;empty-cells:show}th,td {border:1px solid #009;padding:.25em .5em}th {vertical-align:bottom}td {vertical-align:top}table a {font-weight:bold}.stripe td {background-color: #E6EBF9}.num {text-align:right}.passedodd td {background-color: #3F3}.passedeven td {background-color: #0A0}.skippedodd td {background-color: #DDD}.skippedeven td {background-color: #CCC}.failedodd td,.attn {background-color: #F33}.failedeven td,.stripe .attn {background-color: #D00}.stacktrace {white-space:pre;font-family:monospace}.totop {font-size:85%;text-align:center;border-bottom:2px solid #000}.invisible {display:none}</style>
</head>
<body>
<table>
<tr><th>Test</th><th># Passed</th><th># Skipped</th><th># Retried</th><th># Failed</th><th>Time (ms)</th><th>Included Groups</th><th>Excluded Groups</th></tr>
<tr><th colspan="8">Default suite</th></tr>
<tr><td><a href="#t0">Default test</a></td><td class="num">41</td><td class="num">0</td><td class="num">0</td><td class="num attn">21</td><td class="num">35,890</td><td></td><td></td></tr>
</table>
<table id='summary'><thead><tr><th>Class</th><th>Method</th><th>Start</th><th>Time (ms)</th></tr></thead><tbody><tr><th colspan="4">Default suite</th></tr></tbody><tbody id="t0"><tr><th colspan="4">Default test &#8212; failed</th></tr><tr class="failedeven"><td rowspan="21">Runner.CucumberRunner</td><td><a href="#m0">runScenario</a></td><td rowspan="21">1739570369024</td><td rowspan="21">422</td></tr><tr class="failedeven"><td><a href="#m1">runScenario</a></td></tr><tr class="failedeven"><td><a href="#m2">runScenario</a></td></tr><tr class="failedeven"><td><a href="#m3">runScenario</a></td></tr><tr class="failedeven"><td><a href="#m4">runScenario</a></td></tr><tr class="failedeven"><td><a href="#m5">runScenario</a></td></tr><tr class="failedeven"><td><a href="#m6">runScenario</a></td></tr><tr class="failedeven"><td><a href="#m7">runScenario</a></td></tr><tr class="failedeven"><td><a href="#m8">runScenario</a></td></tr><tr class="failedeven"><td><a href="#m9">runScenario</a></td></tr><tr class="failedeven"><td><a href="#m10">runScenario</a></td></tr><tr class="failedeven"><td><a href="#m11">runScenario</a></td></tr><tr class="failedeven"><td><a href="#m12">runScenario</a></td></tr><tr class="failedeven"><td><a href="#m13">runScenario</a></td></tr><tr class="failedeven"><td><a href="#m14">runScenario</a></td></tr><tr class="failedeven"><td><a href="#m15">runScenario</a></td></tr><tr class="failedeven"><td><a href="#m16">runScenario</a></td></tr><tr class="failedeven"><td><a href="#m17">runScenario</a></td></tr><tr class="failedeven"><td><a href="#m18">runScenario</a></td></tr><tr class="failedeven"><td><a href="#m19">runScenario</a></td></tr><tr class="failedeven"><td><a href="#m20">runScenario</a></td></tr><tr><th colspan="4">Default test &#8212; passed</th></tr><tr class="passedeven"><td rowspan="41">Runner.CucumberRunner</td><td><a href="#m21">runScenario</a></td><td rowspan="41">1739570392493</td><td rowspan="41">408</td></tr><tr class="passedeven"><td><a href="#m22">runScenario</a></td></tr><tr class="passedeven"><td><a href="#m23">runScenario</a></td></tr><tr class="passedeven"><td><a href="#m24">runScenario</a></td></tr><tr class="passedeven"><td><a href="#m25">runScenario</a></td></tr><tr class="passedeven"><td><a href="#m26">runScenario</a></td></tr><tr class="passedeven"><td><a href="#m27">runScenario</a></td></tr><tr class="passedeven"><td><a href="#m28">runScenario</a></td></tr><tr class="passedeven"><td><a href="#m29">runScenario</a></td></tr><tr class="passedeven"><td><a href="#m30">runScenario</a></td></tr><tr class="passedeven"><td><a href="#m31">runScenario</a></td></tr><tr class="passedeven"><td><a href="#m32">runScenario</a></td></tr><tr class="passedeven"><td><a href="#m33">runScenario</a></td></tr><tr class="passedeven"><td><a href="#m34">runScenario</a></td></tr><tr class="passedeven"><td><a href="#m35">runScenario</a></td></tr><tr class="passedeven"><td><a href="#m36">runScenario</a></td></tr><tr class="passedeven"><td><a href="#m37">runScenario</a></td></tr><tr class="passedeven"><td><a href="#m38">runScenario</a></td></tr><tr class="passedeven"><td><a href="#m39">runScenario</a></td></tr><tr class="passedeven"><td><a href="#m40">runScenario</a></td></tr><tr class="passedeven"><td><a href="#m41">runScenario</a></td></tr><tr class="passedeven"><td><a href="#m42">runScenario</a></td></tr><tr class="passedeven"><td><a href="#m43">runScenario</a></td></tr><tr class="passedeven"><td><a href="#m44">runScenario</a></td></tr><tr class="passedeven"><td><a href="#m45">runScenario</a></td></tr><tr class="passedeven"><td><a href="#m46">runScenario</a></td></tr><tr class="passedeven"><td><a href="#m47">runScenario</a></td></tr><tr class="passedeven"><td><a href="#m48">runScenario</a></td></tr><tr class="passedeven"><td><a href="#m49">runScenario</a></td></tr><tr class="passedeven"><td><a href="#m50">runScenario</a></td></tr><tr class="passedeven"><td><a href="#m51">runScenario</a></td></tr><tr class="passedeven"><td><a href="#m52">runScenario</a></td></tr><tr class="passedeven"><td><a href="#m53">runScenario</a></td></tr><tr class="passedeven"><td><a href="#m54">runScenario</a></td></tr><tr class="passedeven"><td><a href="#m55">runScenario</a></td></tr><tr class="passedeven"><td><a href="#m56">runScenario</a></td></tr><tr class="passedeven"><td><a href="#m57">runScenario</a></td></tr><tr class="passedeven"><td><a href="#m58">runScenario</a></td></tr><tr class="passedeven"><td><a href="#m59">runScenario</a></td></tr><tr class="passedeven"><td><a href="#m60">runScenario</a></td></tr><tr class="passedeven"><td><a href="#m61">runScenario</a></td></tr></tbody>
</table>
<h2>Default test</h2><h3 id="m0">Runner.CucumberRunner#runScenario</h3><table class="result"><tr class="param"><th>Parameter #1</th><th>Parameter #2</th></tr><tr class="param stripe"><td>&quot;Testing POST request with valid and invalid data&quot;</td><td>&quot;Testing POST request in UserAPI&quot;</td></tr><tr><th colspan="2">Exception</th></tr><tr><td colspan="2"><div class="stacktrace">java.lang.AssertionError: Status code doesn&apos;t match expected [400] but found [409]
	at org.testng.Assert.fail(Assert.java:97)
	at org.testng.Assert.assertEqualsImpl(Assert.java:136)
	at org.testng.Assert.assertEquals(Assert.java:118)
	at org.testng.Assert.assertEquals(Assert.java:839)
	at Utilities.Assertion.validateStatusCode(Assertion.java:27)
	at stepdefinition.postUser.the_api_should_return_corresponding_status_code_and_status_line(postUser.java:107)
	at ✽.The API should return corresponding status code and status line(file:///C:/Users/karth/eclipse-workspace/UserAPI/src/test/resources/Features/APost.feature:7)
</div></td></tr></table><p class="totop"><a href="#summary">back to summary</a></p>
<h3 id="m1">Runner.CucumberRunner#runScenario</h3><table class="result"><tr class="param"><th>Parameter #1</th><th>Parameter #2</th></tr><tr class="param stripe"><td>&quot;Retrieve all users with invalid url&quot;</td><td>&quot;Get request in UserApi&quot;</td></tr><tr><th colspan="2">Exception</th></tr><tr><td colspan="2"><div class="stacktrace">java.lang.AssertionError: Status code doesn&apos;t match expected [404] but found [200]
	at org.testng.Assert.fail(Assert.java:97)
	at org.testng.Assert.assertEqualsImpl(Assert.java:136)
	at org.testng.Assert.assertEquals(Assert.java:118)
	at org.testng.Assert.assertEquals(Assert.java:839)
	at Utilities.Assertion.validateStatusCode(Assertion.java:27)
	at stepdefinition.getUser.the_api_should_return_a_status_code_not_found(getUser.java:84)
	at ✽.The API should return a status code 404 Not Found(file:///C:/Users/karth/eclipse-workspace/UserAPI/src/test/resources/Features/BGet.feature:22)
</div></td></tr></table><p class="totop"><a href="#summary">back to summary</a></p>
<h3 id="m2">Runner.CucumberRunner#runScenario</h3><table class="result"><tr class="param"><th>Parameter #1</th><th>Parameter #2</th></tr><tr class="param stripe"><td>&quot;Testing POST request with valid and invalid data&quot;</td><td>&quot;Testing POST request in UserAPI&quot;</td></tr><tr><th colspan="2">Exception</th></tr><tr><td colspan="2"><div class="stacktrace">java.lang.AssertionError: Status code doesn&apos;t match expected [400] but found [409]
	at org.testng.Assert.fail(Assert.java:97)
	at org.testng.Assert.assertEqualsImpl(Assert.java:136)
	at org.testng.Assert.assertEquals(Assert.java:118)
	at org.testng.Assert.assertEquals(Assert.java:839)
	at Utilities.Assertion.validateStatusCode(Assertion.java:27)
	at stepdefinition.postUser.the_api_should_return_corresponding_status_code_and_status_line(postUser.java:107)
	at ✽.The API should return corresponding status code and status line(file:///C:/Users/karth/eclipse-workspace/UserAPI/src/test/resources/Features/APost.feature:7)
</div></td></tr></table><p class="totop"><a href="#summary">back to summary</a></p>
<h3 id="m3">Runner.CucumberRunner#runScenario</h3><table class="result"><tr class="param"><th>Parameter #1</th><th>Parameter #2</th></tr><tr class="param stripe"><td>&quot;Testing POST request with valid and invalid data&quot;</td><td>&quot;Testing POST request in UserAPI&quot;</td></tr><tr><th colspan="2">Exception</th></tr><tr><td colspan="2"><div class="stacktrace">java.lang.AssertionError: Status code doesn&apos;t match expected [400] but found [409]
	at org.testng.Assert.fail(Assert.java:97)
	at org.testng.Assert.assertEqualsImpl(Assert.java:136)
	at org.testng.Assert.assertEquals(Assert.java:118)
	at org.testng.Assert.assertEquals(Assert.java:839)
	at Utilities.Assertion.validateStatusCode(Assertion.java:27)
	at stepdefinition.postUser.the_api_should_return_corresponding_status_code_and_status_line(postUser.java:107)
	at ✽.The API should return corresponding status code and status line(file:///C:/Users/karth/eclipse-workspace/UserAPI/src/test/resources/Features/APost.feature:7)
</div></td></tr></table><p class="totop"><a href="#summary">back to summary</a></p>
<h3 id="m4">Runner.CucumberRunner#runScenario</h3><table class="result"><tr class="param"><th>Parameter #1</th><th>Parameter #2</th></tr><tr class="param stripe"><td>&quot;GET request user by user firstname&quot;</td><td>&quot;Get request in UserApi&quot;</td></tr><tr><th colspan="2">Exception</th></tr><tr><td colspan="2"><div class="stacktrace">io.cucumber.testng.UndefinedStepException: The step &apos;The API should return a status code 200 OK&apos; is undefined.
You can implement this step using the snippet(s) below:

@Then(&quot;The API should return a status code {int} OK&quot;)
public void the_api_should_return_a_status_code_ok(Integer int1) {
    // Write code here that turns the phrase above into concrete actions
    throw new io.cucumber.java.PendingException();
}

	at io.cucumber.core.runtime.TestCaseResultObserver.assertTestCasePassed(TestCaseResultObserver.java:69)
	at io.cucumber.testng.TestCaseResultObserver.assertTestCasePassed(TestCaseResultObserver.java:23)
	at io.cucumber.testng.TestNGCucumberRunner.lambda$runScenario$1(TestNGCucumberRunner.java:136)
	at io.cucumber.core.runtime.CucumberExecutionContext.lambda$runTestCase$5(CucumberExecutionContext.java:136)
	at io.cucumber.core.runtime.RethrowingThrowableCollector.executeAndThrow(RethrowingThrowableCollector.java:23)
	at io.cucumber.core.runtime.CucumberExecutionContext.runTestCase(CucumberExecutionContext.java:136)
	at io.cucumber.testng.TestNGCucumberRunner.runScenario(TestNGCucumberRunner.java:132)
	at io.cucumber.testng.AbstractTestNGCucumberTests.runScenario(AbstractTestNGCucumberTests.java:35)
	at java.base/jdk.internal.reflect.DirectMethodHandleAccessor.invoke(DirectMethodHandleAccessor.java:103)
	at java.base/java.lang.reflect.Method.invoke(Method.java:580)
	at org.testng.internal.MethodInvocationHelper.invokeMethod(MethodInvocationHelper.java:134)
	at org.testng.internal.TestInvoker.invokeMethod(TestInvoker.java:597)
	at org.testng.internal.TestInvoker.invokeTestMethod(TestInvoker.java:173)
	at org.testng.internal.MethodRunner.runInSequence(MethodRunner.java:46)
	at org.testng.internal.TestInvoker$MethodInvocationAgent.invoke(TestInvoker.java:816)
	at org.testng.internal.TestInvoker.invokeTestMethods(TestInvoker.java:146)
	at org.testng.internal.TestMethodWorker.invokeTestMethods(TestMethodWorker.java:146)
	at org.testng.internal.TestMethodWorker.run(TestMethodWorker.java:128)
	at java.base/java.util.ArrayList.forEach(ArrayList.java:1597)
	at org.testng.TestRunner.privateRun(TestRunner.java:766)
	at org.testng.TestRunner.run(TestRunner.java:587)
	at org.testng.SuiteRunner.runTest(SuiteRunner.java:384)
	at org.testng.SuiteRunner.runSequentially(SuiteRunner.java:378)
	at org.testng.SuiteRunner.privateRun(SuiteRunner.java:337)
	at org.testng.SuiteRunner.run(SuiteRunner.java:286)
	at org.testng.SuiteRunnerWorker.runSuite(SuiteRunnerWorker.java:53)
	at org.testng.SuiteRunnerWorker.run(SuiteRunnerWorker.java:96)
	at org.testng.TestNG.runSuitesSequentially(TestNG.java:1187)
	at org.testng.TestNG.runSuitesLocally(TestNG.java:1109)
	at org.testng.TestNG.runSuites(TestNG.java:1039)
	at org.testng.TestNG.run(TestNG.java:1007)
	at org.testng.remote.AbstractRemoteTestNG.run(AbstractRemoteTestNG.java:115)
	at org.testng.remote.RemoteTestNG.initAndRun(RemoteTestNG.java:293)
	at org.testng.remote.RemoteTestNG.main(RemoteTestNG.java:91)
</div></td></tr></table><p class="totop"><a href="#summary">back to summary</a></p>
<h3 id="m5">Runner.CucumberRunner#runScenario</h3><table class="result"><tr class="param"><th>Parameter #1</th><th>Parameter #2</th></tr><tr class="param stripe"><td>&quot;Testing PUT request with valid and invalid data&quot;</td><td>&quot;Testing PUT request in UserAPI&quot;</td></tr><tr><th colspan="2">Exception</th></tr><tr><td colspan="2"><div class="stacktrace">java.lang.AssertionError: Status code doesn&apos;t match expected [409] but found [400]
	at org.testng.Assert.fail(Assert.java:97)
	at org.testng.Assert.assertEqualsImpl(Assert.java:136)
	at org.testng.Assert.assertEquals(Assert.java:118)
	at org.testng.Assert.assertEquals(Assert.java:839)
	at Utilities.Assertion.validateStatusCode(Assertion.java:27)
	at stepdefinition.putUser.the_api_should_return_corresponding_status_code(putUser.java:80)
	at ✽.The API should return corresponding status code(file:///C:/Users/karth/eclipse-workspace/UserAPI/src/test/resources/Features/CPut.feature:7)
</div></td></tr></table><p class="totop"><a href="#summary">back to summary</a></p>
<h3 id="m6">Runner.CucumberRunner#runScenario</h3><table class="result"><tr class="param"><th>Parameter #1</th><th>Parameter #2</th></tr><tr class="param stripe"><td>&quot;Testing PUT request with invalid create user endpoint&quot;</td><td>&quot;Testing PUT request in UserAPI&quot;</td></tr><tr><th colspan="2">Exception</th></tr><tr><td colspan="2"><div class="stacktrace">java.lang.IllegalArgumentException: Invalid number of path parameters. Expected 1, was 0. Undefined path parameters are: userId.
	at java.base/jdk.internal.reflect.DirectConstructorHandleAccessor.newInstance(DirectConstructorHandleAccessor.java:62)
	at java.base/java.lang.reflect.Constructor.newInstanceWithCaller(Constructor.java:502)
	at java.base/java.lang.reflect.Constructor.newInstance(Constructor.java:486)
	at org.codehaus.groovy.reflection.CachedConstructor.invoke(CachedConstructor.java:73)
	at org.codehaus.groovy.reflection.CachedConstructor.doConstructorInvoke(CachedConstructor.java:60)
	at org.codehaus.groovy.runtime.callsite.ConstructorSite$ConstructorSiteNoUnwrap.callConstructor(ConstructorSite.java:86)
	at org.codehaus.groovy.runtime.callsite.CallSiteArray.defaultCallConstructor(CallSiteArray.java:58)
	at org.codehaus.groovy.runtime.callsite.AbstractCallSite.callConstructor(AbstractCallSite.java:263)
	at org.codehaus.groovy.runtime.callsite.AbstractCallSite.callConstructor(AbstractCallSite.java:277)
	at io.restassured.internal.RequestSpecificationImpl.assertCorrectNumberOfPathParams(RequestSpecificationImpl.groovy:1263)
	at java.base/jdk.internal.reflect.DirectMethodHandleAccessor.invoke(DirectMethodHandleAccessor.java:103)
	at java.base/java.lang.reflect.Method.invoke(Method.java:580)
	at org.codehaus.groovy.reflection.CachedMethod.invoke(CachedMethod.java:343)
	at groovy.lang.MetaMethod.doMethodInvoke(MetaMethod.java:328)
	at groovy.lang.MetaClassImpl.doInvokeMethod(MetaClassImpl.java:1369)
	at groovy.lang.MetaClassImpl.invokeMethod(MetaClassImpl.java:1103)
	at groovy.lang.MetaClassImpl.invokeMethod(MetaClassImpl.java:1009)
	at groovy.lang.MetaClassImpl.invokeMethod(MetaClassImpl.java:792)
	at io.restassured.internal.RequestSpecificationImpl.invokeMethod(RequestSpecificationImpl.groovy)
	at org.codehaus.groovy.runtime.callsite.PogoInterceptableSite.call(PogoInterceptableSite.java:46)
	at org.codehaus.groovy.runtime.callsite.PogoInterceptableSite.callCurrent(PogoInterceptableSite.java:57)
	at org.codehaus.groovy.runtime.callsite.AbstractCallSite.callCurrent(AbstractCallSite.java:176)
	at io.restassured.internal.RequestSpecificationImpl.sendRequest(RequestSpecificationImpl.groovy:1147)
	at io.restassured.internal.RequestSpecificationImpl.this$2$sendRequest(RequestSpecificationImpl.groovy)
	at java.base/jdk.internal.reflect.DirectMethodHandleAccessor.invoke(DirectMethodHandleAccessor.java:103)
	at java.base/java.lang.reflect.Method.invoke(Method.java:580)
	at org.codehaus.groovy.reflection.CachedMethod.invoke(CachedMethod.java:343)
	at groovy.lang.MetaMethod.doMethodInvoke(MetaMethod.java:328)
	at groovy.lang.MetaClassImpl.doInvokeMethod(MetaClassImpl.java:1369)
	at groovy.lang.MetaClassImpl.invokeMethod(MetaClassImpl.java:1103)
	at groovy.lang.MetaClassImpl.invokeMethod(MetaClassImpl.java:1009)
	at groovy.lang.MetaClassImpl.invokeMethod(MetaClassImpl.java:792)
	at io.restassured.internal.RequestSpecificationImpl.invokeMethod(RequestSpecificationImpl.groovy)
	at org.codehaus.groovy.runtime.callsite.PogoInterceptableSite.call(PogoInterceptableSite.java:46)
	at org.codehaus.groovy.runtime.callsite.AbstractCallSite.call(AbstractCallSite.java:166)
	at io.restassured.internal.filter.SendRequestFilter.filter(SendRequestFilter.groovy:30)
	at io.restassured.filter.Filter$filter$0.call(Unknown Source)
	at org.codehaus.groovy.runtime.callsite.CallSiteArray.defaultCall(CallSiteArray.java:46)
	at io.restassured.filter.Filter$filter.call(Unknown Source)
	at io.restassured.internal.filter.FilterContextImpl.next(FilterContextImpl.groovy:72)
	at io.restassured.filter.time.TimingFilter.filter(TimingFilter.java:56)
	at io.restassured.filter.Filter$filter.call(Unknown Source)
	at org.codehaus.groovy.runtime.callsite.CallSiteArray.defaultCall(CallSiteArray.java:46)
	at io.restassured.filter.Filter$filter$0.call(Unknown Source)
	at io.restassured.internal.filter.FilterContextImpl.next(FilterContextImpl.groovy:72)
	at io.restassured.filter.FilterContext$next.call(Unknown Source)
	at io.restassured.internal.RequestSpecificationImpl.applyPathParamsAndSendRequest(RequestSpecificationImpl.groovy:1686)
	at io.restassured.internal.RequestSpecificationImpl.this$2$applyPathParamsAndSendRequest(RequestSpecificationImpl.groovy)
	at java.base/jdk.internal.reflect.DirectMethodHandleAccessor.invoke(DirectMethodHandleAccessor.java:103)
	at java.base/java.lang.reflect.Method.invoke(Method.java:580)
	at org.codehaus.groovy.reflection.CachedMethod.invoke(CachedMethod.java:343)
	at groovy.lang.MetaMethod.doMethodInvoke(MetaMethod.java:328)
	at groovy.lang.MetaClassImpl.doInvokeMethod(MetaClassImpl.java:1369)
	at groovy.lang.MetaClassImpl.invokeMethod(MetaClassImpl.java:1103)
	at groovy.lang.MetaClassImpl.invokeMethod(MetaClassImpl.java:1009)
	at groovy.lang.MetaClassImpl.invokeMethod(MetaClassImpl.java:792)
	at io.restassured.internal.RequestSpecificationImpl.invokeMethod(RequestSpecificationImpl.groovy)
	at org.codehaus.groovy.runtime.callsite.PogoInterceptableSite.call(PogoInterceptableSite.java:46)
	at org.codehaus.groovy.runtime.callsite.PogoInterceptableSite.callCurrent(PogoInterceptableSite.java:57)
	at org.codehaus.groovy.runtime.callsite.AbstractCallSite.callCurrent(AbstractCallSite.java:203)
	at io.restassured.internal.RequestSpecificationImpl.applyPathParamsAndSendRequest(RequestSpecificationImpl.groovy:1692)
	at io.restassured.internal.RequestSpecificationImpl.this$2$applyPathParamsAndSendRequest(RequestSpecificationImpl.groovy)
	at java.base/jdk.internal.reflect.DirectMethodHandleAccessor.invoke(DirectMethodHandleAccessor.java:103)
	at java.base/java.lang.reflect.Method.invoke(Method.java:580)
	at org.codehaus.groovy.reflection.CachedMethod.invoke(CachedMethod.java:343)
	at groovy.lang.MetaMethod.doMethodInvoke(MetaMethod.java:328)
	at groovy.lang.MetaClassImpl.doInvokeMethod(MetaClassImpl.java:1369)
	at groovy.lang.MetaClassImpl.invokeMethod(MetaClassImpl.java:1103)
	at groovy.lang.MetaClassImpl.invokeMethod(MetaClassImpl.java:1009)
	at groovy.lang.MetaClassImpl.invokeMethod(MetaClassImpl.java:792)
	at io.restassured.internal.RequestSpecificationImpl.invokeMethod(RequestSpecificationImpl.groovy)
	at org.codehaus.groovy.runtime.callsite.PogoInterceptableSite.call(PogoInterceptableSite.java:46)
	at org.codehaus.groovy.runtime.callsite.PogoInterceptableSite.callCurrent(PogoInterceptableSite.java:57)
	at org.codehaus.groovy.runtime.callsite.AbstractCallSite.callCurrent(AbstractCallSite.java:203)
	at io.restassured.internal.RequestSpecificationImpl.put(RequestSpecificationImpl.groovy:184)
	at io.restassured.internal.RequestSpecificationImpl.put(RequestSpecificationImpl.groovy)
	at java.base/jdk.internal.reflect.DirectMethodHandleAccessor.invoke(DirectMethodHandleAccessor.java:103)
	at java.base/java.lang.reflect.Method.invoke(Method.java:580)
	at org.codehaus.groovy.reflection.CachedMethod.invoke(CachedMethod.java:343)
	at groovy.lang.MetaMethod.doMethodInvoke(MetaMethod.java:328)
	at groovy.lang.MetaClassImpl.doInvokeMethod(MetaClassImpl.java:1369)
	at groovy.lang.MetaClassImpl.invokeMethod(MetaClassImpl.java:1103)
	at groovy.lang.MetaClassImpl.invokeMethod(MetaClassImpl.java:1009)
	at groovy.lang.MetaClassImpl.invokeMethod(MetaClassImpl.java:792)
	at io.restassured.internal.RequestSpecificationImpl.invokeMethod(RequestSpecificationImpl.groovy)
	at org.codehaus.groovy.runtime.callsite.PogoInterceptableSite.call(PogoInterceptableSite.java:46)
	at org.codehaus.groovy.runtime.callsite.PogoInterceptableSite.callCurrent(PogoInterceptableSite.java:57)
	at org.codehaus.groovy.runtime.callsite.CallSiteArray.defaultCallCurrent(CallSiteArray.java:50)
	at org.codehaus.groovy.runtime.callsite.AbstractCallSite.callCurrent(AbstractCallSite.java:171)
	at org.codehaus.groovy.runtime.callsite.AbstractCallSite.callCurrent(AbstractCallSite.java:185)
	at io.restassured.internal.RequestSpecificationImpl.put(RequestSpecificationImpl.groovy:268)
	at io.restassured.internal.RequestSpecificationImpl.put(RequestSpecificationImpl.groovy)
	at stepdefinition.putUser.admin_sends_a_put_request_to_the_invalid_endpoint(putUser.java:120)
	at ✽.Admin sends a PUT request to the invalid endpoint(file:///C:/Users/karth/eclipse-workspace/UserAPI/src/test/resources/Features/CPut.feature:45)
</div></td></tr></table><p class="totop"><a href="#summary">back to summary</a></p>
<h3 id="m7">Runner.CucumberRunner#runScenario</h3><table class="result"><tr class="param"><th>Parameter #1</th><th>Parameter #2</th></tr><tr class="param stripe"><td>&quot;Get request by user id&quot;</td><td>&quot;Get request in UserApi&quot;</td></tr><tr><th colspan="2">Exception</th></tr><tr><td colspan="2"><div class="stacktrace">io.cucumber.testng.UndefinedStepException: The step &apos;The API should return a status code 200 OK&apos; is undefined.
You can implement this step using the snippet(s) below:

@Then(&quot;The API should return a status code {int} OK&quot;)
public void the_api_should_return_a_status_code_ok(Integer int1) {
    // Write code here that turns the phrase above into concrete actions
    throw new io.cucumber.java.PendingException();
}

	at io.cucumber.core.runtime.TestCaseResultObserver.assertTestCasePassed(TestCaseResultObserver.java:69)
	at io.cucumber.testng.TestCaseResultObserver.assertTestCasePassed(TestCaseResultObserver.java:23)
	at io.cucumber.testng.TestNGCucumberRunner.lambda$runScenario$1(TestNGCucumberRunner.java:136)
	at io.cucumber.core.runtime.CucumberExecutionContext.lambda$runTestCase$5(CucumberExecutionContext.java:136)
	at io.cucumber.core.runtime.RethrowingThrowableCollector.executeAndThrow(RethrowingThrowableCollector.java:23)
	at io.cucumber.core.runtime.CucumberExecutionContext.runTestCase(CucumberExecutionContext.java:136)
	at io.cucumber.testng.TestNGCucumberRunner.runScenario(TestNGCucumberRunner.java:132)
	at io.cucumber.testng.AbstractTestNGCucumberTests.runScenario(AbstractTestNGCucumberTests.java:35)
	at java.base/jdk.internal.reflect.DirectMethodHandleAccessor.invoke(DirectMethodHandleAccessor.java:103)
	at java.base/java.lang.reflect.Method.invoke(Method.java:580)
	at org.testng.internal.MethodInvocationHelper.invokeMethod(MethodInvocationHelper.java:134)
	at org.testng.internal.TestInvoker.invokeMethod(TestInvoker.java:597)
	at org.testng.internal.TestInvoker.invokeTestMethod(TestInvoker.java:173)
	at org.testng.internal.MethodRunner.runInSequence(MethodRunner.java:46)
	at org.testng.internal.TestInvoker$MethodInvocationAgent.invoke(TestInvoker.java:816)
	at org.testng.internal.TestInvoker.invokeTestMethods(TestInvoker.java:146)
	at org.testng.internal.TestMethodWorker.invokeTestMethods(TestMethodWorker.java:146)
	at org.testng.internal.TestMethodWorker.run(TestMethodWorker.java:128)
	at java.base/java.util.ArrayList.forEach(ArrayList.java:1597)
	at org.testng.TestRunner.privateRun(TestRunner.java:766)
	at org.testng.TestRunner.run(TestRunner.java:587)
	at org.testng.SuiteRunner.runTest(SuiteRunner.java:384)
	at org.testng.SuiteRunner.runSequentially(SuiteRunner.java:378)
	at org.testng.SuiteRunner.privateRun(SuiteRunner.java:337)
	at org.testng.SuiteRunner.run(SuiteRunner.java:286)
	at org.testng.SuiteRunnerWorker.runSuite(SuiteRunnerWorker.java:53)
	at org.testng.SuiteRunnerWorker.run(SuiteRunnerWorker.java:96)
	at org.testng.TestNG.runSuitesSequentially(TestNG.java:1187)
	at org.testng.TestNG.runSuitesLocally(TestNG.java:1109)
	at org.testng.TestNG.runSuites(TestNG.java:1039)
	at org.testng.TestNG.run(TestNG.java:1007)
	at org.testng.remote.AbstractRemoteTestNG.run(AbstractRemoteTestNG.java:115)
	at org.testng.remote.RemoteTestNG.initAndRun(RemoteTestNG.java:293)
	at org.testng.remote.RemoteTestNG.main(RemoteTestNG.java:91)
</div></td></tr></table><p class="totop"><a href="#summary">back to summary</a></p>
<h3 id="m8">Runner.CucumberRunner#runScenario</h3><table class="result"><tr class="param"><th>Parameter #1</th><th>Parameter #2</th></tr><tr class="param stripe"><td>&quot;Successfully delete an existing user with user firstName&quot;</td><td>&quot;Testing Delete request in User API&quot;</td></tr><tr><th colspan="2">Exception</th></tr><tr><td colspan="2"><div class="stacktrace">java.lang.AssertionError: Status code doesn&apos;t match expected [200] but found [404]
	at org.testng.Assert.fail(Assert.java:97)
	at org.testng.Assert.assertEqualsImpl(Assert.java:136)
	at org.testng.Assert.assertEquals(Assert.java:118)
	at org.testng.Assert.assertEquals(Assert.java:839)
	at Utilities.Assertion.validateStatusCode(Assertion.java:27)
	at stepdefinition.deleteUser.the_api_should_return_a_status_code_and_the_user_record_should_be_deleted(deleteUser.java:39)
	at ✽.The API should return a status code 200 and the user record should be deleted(file:///C:/Users/karth/eclipse-workspace/UserAPI/src/test/resources/Features/Delete.feature:12)
</div></td></tr></table><p class="totop"><a href="#summary">back to summary</a></p>
<h3 id="m9">Runner.CucumberRunner#runScenario</h3><table class="result"><tr class="param"><th>Parameter #1</th><th>Parameter #2</th></tr><tr class="param stripe"><td>&quot;Testing POST request with valid and invalid data&quot;</td><td>&quot;Testing POST request in UserAPI&quot;</td></tr><tr><th colspan="2">Exception</th></tr><tr><td colspan="2"><div class="stacktrace">java.lang.AssertionError: Status code doesn&apos;t match expected [400] but found [409]
	at org.testng.Assert.fail(Assert.java:97)
	at org.testng.Assert.assertEqualsImpl(Assert.java:136)
	at org.testng.Assert.assertEquals(Assert.java:118)
	at org.testng.Assert.assertEquals(Assert.java:839)
	at Utilities.Assertion.validateStatusCode(Assertion.java:27)
	at stepdefinition.postUser.the_api_should_return_corresponding_status_code_and_status_line(postUser.java:107)
	at ✽.The API should return corresponding status code and status line(file:///C:/Users/karth/eclipse-workspace/UserAPI/src/test/resources/Features/APost.feature:7)
</div></td></tr></table><p class="totop"><a href="#summary">back to summary</a></p>
<h3 id="m10">Runner.CucumberRunner#runScenario</h3><table class="result"><tr class="param"><th>Parameter #1</th><th>Parameter #2</th></tr><tr class="param stripe"><td>&quot;Retrieve all users without authorization&quot;</td><td>&quot;Get request in UserApi&quot;</td></tr><tr><th colspan="2">Exception</th></tr><tr><td colspan="2"><div class="stacktrace">io.cucumber.testng.UndefinedStepException: The step &apos;Admin create Get request with  invalid credential&apos; is undefined.
You can implement this step using the snippet(s) below:

@Given(&quot;Admin create Get request with  invalid credential&quot;)
public void admin_create_get_request_with_invalid_credential() {
    // Write code here that turns the phrase above into concrete actions
    throw new io.cucumber.java.PendingException();
}

	at io.cucumber.core.runtime.TestCaseResultObserver.assertTestCasePassed(TestCaseResultObserver.java:69)
	at io.cucumber.testng.TestCaseResultObserver.assertTestCasePassed(TestCaseResultObserver.java:23)
	at io.cucumber.testng.TestNGCucumberRunner.lambda$runScenario$1(TestNGCucumberRunner.java:136)
	at io.cucumber.core.runtime.CucumberExecutionContext.lambda$runTestCase$5(CucumberExecutionContext.java:136)
	at io.cucumber.core.runtime.RethrowingThrowableCollector.executeAndThrow(RethrowingThrowableCollector.java:23)
	at io.cucumber.core.runtime.CucumberExecutionContext.runTestCase(CucumberExecutionContext.java:136)
	at io.cucumber.testng.TestNGCucumberRunner.runScenario(TestNGCucumberRunner.java:132)
	at io.cucumber.testng.AbstractTestNGCucumberTests.runScenario(AbstractTestNGCucumberTests.java:35)
	at java.base/jdk.internal.reflect.DirectMethodHandleAccessor.invoke(DirectMethodHandleAccessor.java:103)
	at java.base/java.lang.reflect.Method.invoke(Method.java:580)
	at org.testng.internal.MethodInvocationHelper.invokeMethod(MethodInvocationHelper.java:134)
	at org.testng.internal.TestInvoker.invokeMethod(TestInvoker.java:597)
	at org.testng.internal.TestInvoker.invokeTestMethod(TestInvoker.java:173)
	at org.testng.internal.MethodRunner.runInSequence(MethodRunner.java:46)
	at org.testng.internal.TestInvoker$MethodInvocationAgent.invoke(TestInvoker.java:816)
	at org.testng.internal.TestInvoker.invokeTestMethods(TestInvoker.java:146)
	at org.testng.internal.TestMethodWorker.invokeTestMethods(TestMethodWorker.java:146)
	at org.testng.internal.TestMethodWorker.run(TestMethodWorker.java:128)
	at java.base/java.util.ArrayList.forEach(ArrayList.java:1597)
	at org.testng.TestRunner.privateRun(TestRunner.java:766)
	at org.testng.TestRunner.run(TestRunner.java:587)
	at org.testng.SuiteRunner.runTest(SuiteRunner.java:384)
	at org.testng.SuiteRunner.runSequentially(SuiteRunner.java:378)
	at org.testng.SuiteRunner.privateRun(SuiteRunner.java:337)
	at org.testng.SuiteRunner.run(SuiteRunner.java:286)
	at org.testng.SuiteRunnerWorker.runSuite(SuiteRunnerWorker.java:53)
	at org.testng.SuiteRunnerWorker.run(SuiteRunnerWorker.java:96)
	at org.testng.TestNG.runSuitesSequentially(TestNG.java:1187)
	at org.testng.TestNG.runSuitesLocally(TestNG.java:1109)
	at org.testng.TestNG.runSuites(TestNG.java:1039)
	at org.testng.TestNG.run(TestNG.java:1007)
	at org.testng.remote.AbstractRemoteTestNG.run(AbstractRemoteTestNG.java:115)
	at org.testng.remote.RemoteTestNG.initAndRun(RemoteTestNG.java:293)
	at org.testng.remote.RemoteTestNG.main(RemoteTestNG.java:91)
</div></td></tr></table><p class="totop"><a href="#summary">back to summary</a></p>
<h3 id="m11">Runner.CucumberRunner#runScenario</h3><table class="result"><tr class="param"><th>Parameter #1</th><th>Parameter #2</th></tr><tr class="param stripe"><td>&quot;Testing POST request with valid and invalid data&quot;</td><td>&quot;Testing POST request in UserAPI&quot;</td></tr><tr><th colspan="2">Exception</th></tr><tr><td colspan="2"><div class="stacktrace">java.lang.AssertionError: Status code doesn&apos;t match expected [201] but found [409]
	at org.testng.Assert.fail(Assert.java:97)
	at org.testng.Assert.assertEqualsImpl(Assert.java:136)
	at org.testng.Assert.assertEquals(Assert.java:118)
	at org.testng.Assert.assertEquals(Assert.java:839)
	at Utilities.Assertion.validateStatusCode(Assertion.java:27)
	at stepdefinition.postUser.the_api_should_return_corresponding_status_code_and_status_line(postUser.java:98)
	at ✽.The API should return corresponding status code and status line(file:///C:/Users/karth/eclipse-workspace/UserAPI/src/test/resources/Features/APost.feature:7)
</div></td></tr></table><p class="totop"><a href="#summary">back to summary</a></p>
<h3 id="m12">Runner.CucumberRunner#runScenario</h3><table class="result"><tr class="param"><th>Parameter #1</th><th>Parameter #2</th></tr><tr class="param stripe"><td>&quot;Testing POST request with valid and invalid data&quot;</td><td>&quot;Testing POST request in UserAPI&quot;</td></tr><tr><th colspan="2">Exception</th></tr><tr><td colspan="2"><div class="stacktrace">java.lang.AssertionError: Status code doesn&apos;t match expected [400] but found [201]
	at org.testng.Assert.fail(Assert.java:97)
	at org.testng.Assert.assertEqualsImpl(Assert.java:136)
	at org.testng.Assert.assertEquals(Assert.java:118)
	at org.testng.Assert.assertEquals(Assert.java:839)
	at Utilities.Assertion.validateStatusCode(Assertion.java:27)
	at stepdefinition.postUser.the_api_should_return_corresponding_status_code_and_status_line(postUser.java:107)
	at ✽.The API should return corresponding status code and status line(file:///C:/Users/karth/eclipse-workspace/UserAPI/src/test/resources/Features/APost.feature:7)
</div></td></tr></table><p class="totop"><a href="#summary">back to summary</a></p>
<h3 id="m13">Runner.CucumberRunner#runScenario</h3><table class="result"><tr class="param"><th>Parameter #1</th><th>Parameter #2</th></tr><tr class="param stripe"><td>&quot;Testing POST request with valid and invalid data&quot;</td><td>&quot;Testing POST request in UserAPI&quot;</td></tr><tr><th colspan="2">Exception</th></tr><tr><td colspan="2"><div class="stacktrace">java.lang.AssertionError: Status code doesn&apos;t match expected [400] but found [409]
	at org.testng.Assert.fail(Assert.java:97)
	at org.testng.Assert.assertEqualsImpl(Assert.java:136)
	at org.testng.Assert.assertEquals(Assert.java:118)
	at org.testng.Assert.assertEquals(Assert.java:839)
	at Utilities.Assertion.validateStatusCode(Assertion.java:27)
	at stepdefinition.postUser.the_api_should_return_corresponding_status_code_and_status_line(postUser.java:107)
	at ✽.The API should return corresponding status code and status line(file:///C:/Users/karth/eclipse-workspace/UserAPI/src/test/resources/Features/APost.feature:7)
</div></td></tr></table><p class="totop"><a href="#summary">back to summary</a></p>
<h3 id="m14">Runner.CucumberRunner#runScenario</h3><table class="result"><tr class="param"><th>Parameter #1</th><th>Parameter #2</th></tr><tr class="param stripe"><td>&quot;GET all users successfully&quot;</td><td>&quot;Get request in UserApi&quot;</td></tr><tr><th colspan="2">Exception</th></tr><tr><td colspan="2"><div class="stacktrace">io.cucumber.testng.UndefinedStepException: The step &apos;The API should return a status code 200 and all the users with expected json response body&apos; is undefined.
You can implement this step using the snippet(s) below:

@Then(&quot;The API should return a status code {int} and all the users with expected json response body&quot;)
public void the_api_should_return_a_status_code_and_all_the_users_with_expected_json_response_body(Integer int1) {
    // Write code here that turns the phrase above into concrete actions
    throw new io.cucumber.java.PendingException();
}

	at io.cucumber.core.runtime.TestCaseResultObserver.assertTestCasePassed(TestCaseResultObserver.java:69)
	at io.cucumber.testng.TestCaseResultObserver.assertTestCasePassed(TestCaseResultObserver.java:23)
	at io.cucumber.testng.TestNGCucumberRunner.lambda$runScenario$1(TestNGCucumberRunner.java:136)
	at io.cucumber.core.runtime.CucumberExecutionContext.lambda$runTestCase$5(CucumberExecutionContext.java:136)
	at io.cucumber.core.runtime.RethrowingThrowableCollector.executeAndThrow(RethrowingThrowableCollector.java:23)
	at io.cucumber.core.runtime.CucumberExecutionContext.runTestCase(CucumberExecutionContext.java:136)
	at io.cucumber.testng.TestNGCucumberRunner.runScenario(TestNGCucumberRunner.java:132)
	at io.cucumber.testng.AbstractTestNGCucumberTests.runScenario(AbstractTestNGCucumberTests.java:35)
	at java.base/jdk.internal.reflect.DirectMethodHandleAccessor.invoke(DirectMethodHandleAccessor.java:103)
	at java.base/java.lang.reflect.Method.invoke(Method.java:580)
	at org.testng.internal.MethodInvocationHelper.invokeMethod(MethodInvocationHelper.java:134)
	at org.testng.internal.TestInvoker.invokeMethod(TestInvoker.java:597)
	at org.testng.internal.TestInvoker.invokeTestMethod(TestInvoker.java:173)
	at org.testng.internal.MethodRunner.runInSequence(MethodRunner.java:46)
	at org.testng.internal.TestInvoker$MethodInvocationAgent.invoke(TestInvoker.java:816)
	at org.testng.internal.TestInvoker.invokeTestMethods(TestInvoker.java:146)
	at org.testng.internal.TestMethodWorker.invokeTestMethods(TestMethodWorker.java:146)
	at org.testng.internal.TestMethodWorker.run(TestMethodWorker.java:128)
	at java.base/java.util.ArrayList.forEach(ArrayList.java:1597)
	at org.testng.TestRunner.privateRun(TestRunner.java:766)
	at org.testng.TestRunner.run(TestRunner.java:587)
	at org.testng.SuiteRunner.runTest(SuiteRunner.java:384)
	at org.testng.SuiteRunner.runSequentially(SuiteRunner.java:378)
	at org.testng.SuiteRunner.privateRun(SuiteRunner.java:337)
	at org.testng.SuiteRunner.run(SuiteRunner.java:286)
	at org.testng.SuiteRunnerWorker.runSuite(SuiteRunnerWorker.java:53)
	at org.testng.SuiteRunnerWorker.run(SuiteRunnerWorker.java:96)
	at org.testng.TestNG.runSuitesSequentially(TestNG.java:1187)
	at org.testng.TestNG.runSuitesLocally(TestNG.java:1109)
	at org.testng.TestNG.runSuites(TestNG.java:1039)
	at org.testng.TestNG.run(TestNG.java:1007)
	at org.testng.remote.AbstractRemoteTestNG.run(AbstractRemoteTestNG.java:115)
	at org.testng.remote.RemoteTestNG.initAndRun(RemoteTestNG.java:293)
	at org.testng.remote.RemoteTestNG.main(RemoteTestNG.java:91)
</div></td></tr></table><p class="totop"><a href="#summary">back to summary</a></p>
<h3 id="m15">Runner.CucumberRunner#runScenario</h3><table class="result"><tr class="param"><th>Parameter #1</th><th>Parameter #2</th></tr><tr class="param stripe"><td>&quot;Testing POST request with valid and invalid data&quot;</td><td>&quot;Testing POST request in UserAPI&quot;</td></tr><tr><th colspan="2">Exception</th></tr><tr><td colspan="2"><div class="stacktrace">java.lang.AssertionError: Status code doesn&apos;t match expected [400] but found [409]
	at org.testng.Assert.fail(Assert.java:97)
	at org.testng.Assert.assertEqualsImpl(Assert.java:136)
	at org.testng.Assert.assertEquals(Assert.java:118)
	at org.testng.Assert.assertEquals(Assert.java:839)
	at Utilities.Assertion.validateStatusCode(Assertion.java:27)
	at stepdefinition.postUser.the_api_should_return_corresponding_status_code_and_status_line(postUser.java:107)
	at ✽.The API should return corresponding status code and status line(file:///C:/Users/karth/eclipse-workspace/UserAPI/src/test/resources/Features/APost.feature:7)
</div></td></tr></table><p class="totop"><a href="#summary">back to summary</a></p>
<h3 id="m16">Runner.CucumberRunner#runScenario</h3><table class="result"><tr class="param"><th>Parameter #1</th><th>Parameter #2</th></tr><tr class="param stripe"><td>&quot;Testing POST request with valid and invalid data&quot;</td><td>&quot;Testing POST request in UserAPI&quot;</td></tr><tr><th colspan="2">Exception</th></tr><tr><td colspan="2"><div class="stacktrace">java.lang.AssertionError: Status code doesn&apos;t match expected [400] but found [409]
	at org.testng.Assert.fail(Assert.java:97)
	at org.testng.Assert.assertEqualsImpl(Assert.java:136)
	at org.testng.Assert.assertEquals(Assert.java:118)
	at org.testng.Assert.assertEquals(Assert.java:839)
	at Utilities.Assertion.validateStatusCode(Assertion.java:27)
	at stepdefinition.postUser.the_api_should_return_corresponding_status_code_and_status_line(postUser.java:107)
	at ✽.The API should return corresponding status code and status line(file:///C:/Users/karth/eclipse-workspace/UserAPI/src/test/resources/Features/APost.feature:7)
</div></td></tr></table><p class="totop"><a href="#summary">back to summary</a></p>
<h3 id="m17">Runner.CucumberRunner#runScenario</h3><table class="result"><tr class="param"><th>Parameter #1</th><th>Parameter #2</th></tr><tr class="param stripe"><td>&quot;Testing POST request with valid and invalid data&quot;</td><td>&quot;Testing POST request in UserAPI&quot;</td></tr><tr><th colspan="2">Exception</th></tr><tr><td colspan="2"><div class="stacktrace">java.lang.AssertionError: Status code doesn&apos;t match expected [400] but found [409]
	at org.testng.Assert.fail(Assert.java:97)
	at org.testng.Assert.assertEqualsImpl(Assert.java:136)
	at org.testng.Assert.assertEquals(Assert.java:118)
	at org.testng.Assert.assertEquals(Assert.java:839)
	at Utilities.Assertion.validateStatusCode(Assertion.java:27)
	at stepdefinition.postUser.the_api_should_return_corresponding_status_code_and_status_line(postUser.java:107)
	at ✽.The API should return corresponding status code and status line(file:///C:/Users/karth/eclipse-workspace/UserAPI/src/test/resources/Features/APost.feature:7)
</div></td></tr></table><p class="totop"><a href="#summary">back to summary</a></p>
<h3 id="m18">Runner.CucumberRunner#runScenario</h3><table class="result"><tr class="param"><th>Parameter #1</th><th>Parameter #2</th></tr><tr class="param stripe"><td>&quot;Testing POST request without mandatory fields&quot;</td><td>&quot;Testing POST request in UserAPI&quot;</td></tr><tr><th colspan="2">Exception</th></tr><tr><td colspan="2"><div class="stacktrace">java.lang.AssertionError: Status code doesn&apos;t match expected [400] but found [500]
	at org.testng.Assert.fail(Assert.java:97)
	at org.testng.Assert.assertEqualsImpl(Assert.java:136)
	at org.testng.Assert.assertEquals(Assert.java:118)
	at org.testng.Assert.assertEquals(Assert.java:839)
	at Utilities.Assertion.validateStatusCode(Assertion.java:27)
	at stepdefinition.postUser.the_api_should_return_the_status_code_bad_request(postUser.java:201)
	at ✽.The Api should return the status code 400 Bad Request(file:///C:/Users/karth/eclipse-workspace/UserAPI/src/test/resources/Features/APost.feature:53)
</div></td></tr></table><p class="totop"><a href="#summary">back to summary</a></p>
<h3 id="m19">Runner.CucumberRunner#runScenario</h3><table class="result"><tr class="param"><th>Parameter #1</th><th>Parameter #2</th></tr><tr class="param stripe"><td>&quot;Testing PUT request with valid and invalid data&quot;</td><td>&quot;Testing PUT request in UserAPI&quot;</td></tr><tr><th colspan="2">Exception</th></tr><tr><td colspan="2"><div class="stacktrace">java.lang.AssertionError: Status code doesn&apos;t match expected [409] but found [500]
	at org.testng.Assert.fail(Assert.java:97)
	at org.testng.Assert.assertEqualsImpl(Assert.java:136)
	at org.testng.Assert.assertEquals(Assert.java:118)
	at org.testng.Assert.assertEquals(Assert.java:839)
	at Utilities.Assertion.validateStatusCode(Assertion.java:27)
	at stepdefinition.putUser.the_api_should_return_corresponding_status_code(putUser.java:80)
	at ✽.The API should return corresponding status code(file:///C:/Users/karth/eclipse-workspace/UserAPI/src/test/resources/Features/CPut.feature:7)
</div></td></tr></table><p class="totop"><a href="#summary">back to summary</a></p>
<h3 id="m20">Runner.CucumberRunner#runScenario</h3><table class="result"><tr class="param"><th>Parameter #1</th><th>Parameter #2</th></tr><tr class="param stripe"><td>&quot;Testing POST request with only mandatory fields&quot;</td><td>&quot;Testing POST request in UserAPI&quot;</td></tr><tr><th colspan="2">Exception</th></tr><tr><td colspan="2"><div class="stacktrace">java.lang.AssertionError: Status code doesn&apos;t match expected [201] but found [409]
	at org.testng.Assert.fail(Assert.java:97)
	at org.testng.Assert.assertEqualsImpl(Assert.java:136)
	at org.testng.Assert.assertEquals(Assert.java:118)
	at org.testng.Assert.assertEquals(Assert.java:839)
	at Utilities.Assertion.validateStatusCode(Assertion.java:27)
	at stepdefinition.postUser.the_api_should_return_the_status_code_created(postUser.java:190)
	at ✽.The Api should return the status code 201 Created(file:///C:/Users/karth/eclipse-workspace/UserAPI/src/test/resources/Features/APost.feature:48)
</div></td></tr></table><p class="totop"><a href="#summary">back to summary</a></p>
<h3 id="m21">Runner.CucumberRunner#runScenario</h3><table class="result"><tr class="param"><th>Parameter #1</th><th>Parameter #2</th></tr><tr class="param stripe"><td>&quot;Testing PUT request with valid and invalid data&quot;</td><td>&quot;Testing PUT request in UserAPI&quot;</td></tr></table><p class="totop"><a href="#summary">back to summary</a></p>
<h3 id="m22">Runner.CucumberRunner#runScenario</h3><table class="result"><tr class="param"><th>Parameter #1</th><th>Parameter #2</th></tr><tr class="param stripe"><td>&quot;Testing PUT request with valid and invalid data&quot;</td><td>&quot;Testing PUT request in UserAPI&quot;</td></tr></table><p class="totop"><a href="#summary">back to summary</a></p>
<h3 id="m23">Runner.CucumberRunner#runScenario</h3><table class="result"><tr class="param"><th>Parameter #1</th><th>Parameter #2</th></tr><tr class="param stripe"><td>&quot;Testing PUT request with valid and invalid data&quot;</td><td>&quot;Testing PUT request in UserAPI&quot;</td></tr></table><p class="totop"><a href="#summary">back to summary</a></p>
<h3 id="m24">Runner.CucumberRunner#runScenario</h3><table class="result"><tr class="param"><th>Parameter #1</th><th>Parameter #2</th></tr><tr class="param stripe"><td>&quot;Testing PUT request with valid and invalid data&quot;</td><td>&quot;Testing PUT request in UserAPI&quot;</td></tr></table><p class="totop"><a href="#summary">back to summary</a></p>
<h3 id="m25">Runner.CucumberRunner#runScenario</h3><table class="result"><tr class="param"><th>Parameter #1</th><th>Parameter #2</th></tr><tr class="param stripe"><td>&quot;Successfully delete an existing user with userid&quot;</td><td>&quot;Testing Delete request in User API&quot;</td></tr></table><p class="totop"><a href="#summary">back to summary</a></p>
<h3 id="m26">Runner.CucumberRunner#runScenario</h3><table class="result"><tr class="param"><th>Parameter #1</th><th>Parameter #2</th></tr><tr class="param stripe"><td>&quot;Testing PUT request with valid and invalid data&quot;</td><td>&quot;Testing PUT request in UserAPI&quot;</td></tr></table><p class="totop"><a href="#summary">back to summary</a></p>
<h3 id="m27">Runner.CucumberRunner#runScenario</h3><table class="result"><tr class="param"><th>Parameter #1</th><th>Parameter #2</th></tr><tr class="param stripe"><td>&quot;Testing POST request with invalid url&quot;</td><td>&quot;Testing POST request in UserAPI&quot;</td></tr></table><p class="totop"><a href="#summary">back to summary</a></p>
<h3 id="m28">Runner.CucumberRunner#runScenario</h3><table class="result"><tr class="param"><th>Parameter #1</th><th>Parameter #2</th></tr><tr class="param stripe"><td>&quot;Testing POST request with invalid create user endpoint&quot;</td><td>&quot;Testing POST request in UserAPI&quot;</td></tr></table><p class="totop"><a href="#summary">back to summary</a></p>
<h3 id="m29">Runner.CucumberRunner#runScenario</h3><table class="result"><tr class="param"><th>Parameter #1</th><th>Parameter #2</th></tr><tr class="param stripe"><td>&quot;Testing PUT request with valid and invalid data&quot;</td><td>&quot;Testing PUT request in UserAPI&quot;</td></tr></table><p class="totop"><a href="#summary">back to summary</a></p>
<h3 id="m30">Runner.CucumberRunner#runScenario</h3><table class="result"><tr class="param"><th>Parameter #1</th><th>Parameter #2</th></tr><tr class="param stripe"><td>&quot;Testing PUT request with valid and invalid data&quot;</td><td>&quot;Testing PUT request in UserAPI&quot;</td></tr></table><p class="totop"><a href="#summary">back to summary</a></p>
<h3 id="m31">Runner.CucumberRunner#runScenario</h3><table class="result"><tr class="param"><th>Parameter #1</th><th>Parameter #2</th></tr><tr class="param stripe"><td>&quot;Testing POST request with valid and invalid data&quot;</td><td>&quot;Testing POST request in UserAPI&quot;</td></tr></table><p class="totop"><a href="#summary">back to summary</a></p>
<h3 id="m32">Runner.CucumberRunner#runScenario</h3><table class="result"><tr class="param"><th>Parameter #1</th><th>Parameter #2</th></tr><tr class="param stripe"><td>&quot;Testing POST request with existing emailid and contactnumber&quot;</td><td>&quot;Testing POST request in UserAPI&quot;</td></tr></table><p class="totop"><a href="#summary">back to summary</a></p>
<h3 id="m33">Runner.CucumberRunner#runScenario</h3><table class="result"><tr class="param"><th>Parameter #1</th><th>Parameter #2</th></tr><tr class="param stripe"><td>&quot;Testing PUT request with valid and invalid data&quot;</td><td>&quot;Testing PUT request in UserAPI&quot;</td></tr></table><p class="totop"><a href="#summary">back to summary</a></p>
<h3 id="m34">Runner.CucumberRunner#runScenario</h3><table class="result"><tr class="param"><th>Parameter #1</th><th>Parameter #2</th></tr><tr class="param stripe"><td>&quot;Testing PUT request with valid and invalid data&quot;</td><td>&quot;Testing PUT request in UserAPI&quot;</td></tr></table><p class="totop"><a href="#summary">back to summary</a></p>
<h3 id="m35">Runner.CucumberRunner#runScenario</h3><table class="result"><tr class="param"><th>Parameter #1</th><th>Parameter #2</th></tr><tr class="param stripe"><td>&quot;Testing PUT request with valid and invalid data&quot;</td><td>&quot;Testing PUT request in UserAPI&quot;</td></tr></table><p class="totop"><a href="#summary">back to summary</a></p>
<h3 id="m36">Runner.CucumberRunner#runScenario</h3><table class="result"><tr class="param"><th>Parameter #1</th><th>Parameter #2</th></tr><tr class="param stripe"><td>&quot;Testing PUT request with valid and invalid data&quot;</td><td>&quot;Testing PUT request in UserAPI&quot;</td></tr></table><p class="totop"><a href="#summary">back to summary</a></p>
<h3 id="m37">Runner.CucumberRunner#runScenario</h3><table class="result"><tr class="param"><th>Parameter #1</th><th>Parameter #2</th></tr><tr class="param stripe"><td>&quot;Testing POST request without authorization&quot;</td><td>&quot;Testing POST request in UserAPI&quot;</td></tr></table><p class="totop"><a href="#summary">back to summary</a></p>
<h3 id="m38">Runner.CucumberRunner#runScenario</h3><table class="result"><tr class="param"><th>Parameter #1</th><th>Parameter #2</th></tr><tr class="param stripe"><td>&quot;Testing POST request with valid and invalid data&quot;</td><td>&quot;Testing POST request in UserAPI&quot;</td></tr></table><p class="totop"><a href="#summary">back to summary</a></p>
<h3 id="m39">Runner.CucumberRunner#runScenario</h3><table class="result"><tr class="param"><th>Parameter #1</th><th>Parameter #2</th></tr><tr class="param stripe"><td>&quot;Testing PUT request with valid and invalid data&quot;</td><td>&quot;Testing PUT request in UserAPI&quot;</td></tr></table><p class="totop"><a href="#summary">back to summary</a></p>
<h3 id="m40">Runner.CucumberRunner#runScenario</h3><table class="result"><tr class="param"><th>Parameter #1</th><th>Parameter #2</th></tr><tr class="param stripe"><td>&quot;Testing Delete request with invalid url&quot;</td><td>&quot;Testing Delete request in User API&quot;</td></tr></table><p class="totop"><a href="#summary">back to summary</a></p>
<h3 id="m41">Runner.CucumberRunner#runScenario</h3><table class="result"><tr class="param"><th>Parameter #1</th><th>Parameter #2</th></tr><tr class="param stripe"><td>&quot;Testing PUT request with valid and invalid data&quot;</td><td>&quot;Testing PUT request in UserAPI&quot;</td></tr></table><p class="totop"><a href="#summary">back to summary</a></p>
<h3 id="m42">Runner.CucumberRunner#runScenario</h3><table class="result"><tr class="param"><th>Parameter #1</th><th>Parameter #2</th></tr><tr class="param stripe"><td>&quot;Testing PUT request with valid and invalid data&quot;</td><td>&quot;Testing PUT request in UserAPI&quot;</td></tr></table><p class="totop"><a href="#summary">back to summary</a></p>
<h3 id="m43">Runner.CucumberRunner#runScenario</h3><table class="result"><tr class="param"><th>Parameter #1</th><th>Parameter #2</th></tr><tr class="param stripe"><td>&quot;Testing PUT request with valid and invalid data&quot;</td><td>&quot;Testing PUT request in UserAPI&quot;</td></tr></table><p class="totop"><a href="#summary">back to summary</a></p>
<h3 id="m44">Runner.CucumberRunner#runScenario</h3><table class="result"><tr class="param"><th>Parameter #1</th><th>Parameter #2</th></tr><tr class="param stripe"><td>&quot;Testing PUT request with valid and invalid data&quot;</td><td>&quot;Testing PUT request in UserAPI&quot;</td></tr></table><p class="totop"><a href="#summary">back to summary</a></p>
<h3 id="m45">Runner.CucumberRunner#runScenario</h3><table class="result"><tr class="param"><th>Parameter #1</th><th>Parameter #2</th></tr><tr class="param stripe"><td>&quot;Testing PUT request without authorization&quot;</td><td>&quot;Testing PUT request in UserAPI&quot;</td></tr></table><p class="totop"><a href="#summary">back to summary</a></p>
<h3 id="m46">Runner.CucumberRunner#runScenario</h3><table class="result"><tr class="param"><th>Parameter #1</th><th>Parameter #2</th></tr><tr class="param stripe"><td>&quot;Testing PUT request with valid and invalid data&quot;</td><td>&quot;Testing PUT request in UserAPI&quot;</td></tr></table><p class="totop"><a href="#summary">back to summary</a></p>
<h3 id="m47">Runner.CucumberRunner#runScenario</h3><table class="result"><tr class="param"><th>Parameter #1</th><th>Parameter #2</th></tr><tr class="param stripe"><td>&quot;Testing PUT request with valid and invalid data&quot;</td><td>&quot;Testing PUT request in UserAPI&quot;</td></tr></table><p class="totop"><a href="#summary">back to summary</a></p>
<h3 id="m48">Runner.CucumberRunner#runScenario</h3><table class="result"><tr class="param"><th>Parameter #1</th><th>Parameter #2</th></tr><tr class="param stripe"><td>&quot;Testing POST request with valid and invalid data&quot;</td><td>&quot;Testing POST request in UserAPI&quot;</td></tr></table><p class="totop"><a href="#summary">back to summary</a></p>
<h3 id="m49">Runner.CucumberRunner#runScenario</h3><table class="result"><tr class="param"><th>Parameter #1</th><th>Parameter #2</th></tr><tr class="param stripe"><td>&quot;Testing PUT request with valid and invalid data&quot;</td><td>&quot;Testing PUT request in UserAPI&quot;</td></tr></table><p class="totop"><a href="#summary">back to summary</a></p>
<h3 id="m50">Runner.CucumberRunner#runScenario</h3><table class="result"><tr class="param"><th>Parameter #1</th><th>Parameter #2</th></tr><tr class="param stripe"><td>&quot;Testing PUT request with valid and invalid data&quot;</td><td>&quot;Testing PUT request in UserAPI&quot;</td></tr></table><p class="totop"><a href="#summary">back to summary</a></p>
<h3 id="m51">Runner.CucumberRunner#runScenario</h3><table class="result"><tr class="param"><th>Parameter #1</th><th>Parameter #2</th></tr><tr class="param stripe"><td>&quot;Testing PUT request with valid and invalid data&quot;</td><td>&quot;Testing PUT request in UserAPI&quot;</td></tr></table><p class="totop"><a href="#summary">back to summary</a></p>
<h3 id="m52">Runner.CucumberRunner#runScenario</h3><table class="result"><tr class="param"><th>Parameter #1</th><th>Parameter #2</th></tr><tr class="param stripe"><td>&quot;Testing PUT request with invalid url&quot;</td><td>&quot;Testing PUT request in UserAPI&quot;</td></tr></table><p class="totop"><a href="#summary">back to summary</a></p>
<h3 id="m53">Runner.CucumberRunner#runScenario</h3><table class="result"><tr class="param"><th>Parameter #1</th><th>Parameter #2</th></tr><tr class="param stripe"><td>&quot;Testing POST request with valid and invalid data&quot;</td><td>&quot;Testing POST request in UserAPI&quot;</td></tr></table><p class="totop"><a href="#summary">back to summary</a></p>
<h3 id="m54">Runner.CucumberRunner#runScenario</h3><table class="result"><tr class="param"><th>Parameter #1</th><th>Parameter #2</th></tr><tr class="param stripe"><td>&quot;Testing PUT request with valid and invalid data&quot;</td><td>&quot;Testing PUT request in UserAPI&quot;</td></tr></table><p class="totop"><a href="#summary">back to summary</a></p>
<h3 id="m55">Runner.CucumberRunner#runScenario</h3><table class="result"><tr class="param"><th>Parameter #1</th><th>Parameter #2</th></tr><tr class="param stripe"><td>&quot;Testing PUT request with valid and invalid data&quot;</td><td>&quot;Testing PUT request in UserAPI&quot;</td></tr></table><p class="totop"><a href="#summary">back to summary</a></p>
<h3 id="m56">Runner.CucumberRunner#runScenario</h3><table class="result"><tr class="param"><th>Parameter #1</th><th>Parameter #2</th></tr><tr class="param stripe"><td>&quot;Testing PUT request with valid and invalid data&quot;</td><td>&quot;Testing PUT request in UserAPI&quot;</td></tr></table><p class="totop"><a href="#summary">back to summary</a></p>
<h3 id="m57">Runner.CucumberRunner#runScenario</h3><table class="result"><tr class="param"><th>Parameter #1</th><th>Parameter #2</th></tr><tr class="param stripe"><td>&quot;Testing POST request with valid and invalid data&quot;</td><td>&quot;Testing POST request in UserAPI&quot;</td></tr></table><p class="totop"><a href="#summary">back to summary</a></p>
<h3 id="m58">Runner.CucumberRunner#runScenario</h3><table class="result"><tr class="param"><th>Parameter #1</th><th>Parameter #2</th></tr><tr class="param stripe"><td>&quot;Testing POST request with valid and invalid data&quot;</td><td>&quot;Testing POST request in UserAPI&quot;</td></tr></table><p class="totop"><a href="#summary">back to summary</a></p>
<h3 id="m59">Runner.CucumberRunner#runScenario</h3><table class="result"><tr class="param"><th>Parameter #1</th><th>Parameter #2</th></tr><tr class="param stripe"><td>&quot;Testing POST request with valid and invalid data&quot;</td><td>&quot;Testing POST request in UserAPI&quot;</td></tr></table><p class="totop"><a href="#summary">back to summary</a></p>
<h3 id="m60">Runner.CucumberRunner#runScenario</h3><table class="result"><tr class="param"><th>Parameter #1</th><th>Parameter #2</th></tr><tr class="param stripe"><td>&quot;Try to delete a non-existent user&quot;</td><td>&quot;Testing Delete request in User API&quot;</td></tr></table><p class="totop"><a href="#summary">back to summary</a></p>
<h3 id="m61">Runner.CucumberRunner#runScenario</h3><table class="result"><tr class="param"><th>Parameter #1</th><th>Parameter #2</th></tr><tr class="param stripe"><td>&quot;Testing delete request without authorization&quot;</td><td>&quot;Testing Delete request in User API&quot;</td></tr></table><p class="totop"><a href="#summary">back to summary</a></p>
</body>
</html>
